2024-12-11 23:41:20.270 | INFO     | model.vmamba:load_pretrained_ckpt:49 - Loading weights from: /root/autodl-tmp/mcavm_test/model/pretrain/vssm1_tiny_0230s_ckpt_epoch_264.pth
2024-12-11 23:41:20.354 | INFO     | model.vmamba:load_pretrained_ckpt:73 - Loaded weights: patch_embed.0.weight
2024-12-11 23:41:20.355 | INFO     | model.vmamba:load_pretrained_ckpt:73 - Loaded weights: patch_embed.0.bias
2024-12-11 23:41:20.355 | INFO     | model.vmamba:load_pretrained_ckpt:73 - Loaded weights: patch_embed.2.weight
2024-12-11 23:41:20.355 | INFO     | model.vmamba:load_pretrained_ckpt:73 - Loaded weights: patch_embed.2.bias
2024-12-11 23:41:20.355 | INFO     | model.vmamba:load_pretrained_ckpt:73 - Loaded weights: patch_embed.5.weight
2024-12-11 23:41:20.355 | INFO     | model.vmamba:load_pretrained_ckpt:73 - Loaded weights: patch_embed.5.bias
2024-12-11 23:41:20.355 | INFO     | model.vmamba:load_pretrained_ckpt:73 - Loaded weights: patch_embed.7.weight
2024-12-11 23:41:20.355 | INFO     | model.vmamba:load_pretrained_ckpt:73 - Loaded weights: patch_embed.7.bias
2024-12-11 23:41:20.356 | INFO     | model.vmamba:load_pretrained_ckpt:73 - Loaded weights: layers.0.blocks.0.norm.weight
2024-12-11 23:41:20.356 | INFO     | model.vmamba:load_pretrained_ckpt:73 - Loaded weights: layers.0.blocks.0.norm.bias
2024-12-11 23:41:20.356 | INFO     | model.vmamba:load_pretrained_ckpt:73 - Loaded weights: layers.0.blocks.0.op.x_proj_weight
2024-12-11 23:41:20.356 | INFO     | model.vmamba:load_pretrained_ckpt:73 - Loaded weights: layers.0.blocks.0.op.dt_projs_weight
2024-12-11 23:41:20.356 | INFO     | model.vmamba:load_pretrained_ckpt:73 - Loaded weights: layers.0.blocks.0.op.dt_projs_bias
2024-12-11 23:41:20.356 | INFO     | model.vmamba:load_pretrained_ckpt:73 - Loaded weights: layers.0.blocks.0.op.A_logs
2024-12-11 23:41:20.356 | INFO     | model.vmamba:load_pretrained_ckpt:73 - Loaded weights: layers.0.blocks.0.op.Ds
2024-12-11 23:41:20.356 | INFO     | model.vmamba:load_pretrained_ckpt:73 - Loaded weights: layers.0.blocks.0.op.out_norm.weight
2024-12-11 23:41:20.356 | INFO     | model.vmamba:load_pretrained_ckpt:73 - Loaded weights: layers.0.blocks.0.op.out_norm.bias
2024-12-11 23:41:20.357 | INFO     | model.vmamba:load_pretrained_ckpt:73 - Loaded weights: layers.0.blocks.0.op.in_proj.weight
2024-12-11 23:41:20.357 | INFO     | model.vmamba:load_pretrained_ckpt:73 - Loaded weights: layers.0.blocks.0.op.conv2d.weight
2024-12-11 23:41:20.357 | INFO     | model.vmamba:load_pretrained_ckpt:73 - Loaded weights: layers.0.blocks.0.op.out_proj.weight
2024-12-11 23:41:20.357 | INFO     | model.vmamba:load_pretrained_ckpt:73 - Loaded weights: layers.0.blocks.0.norm2.weight
2024-12-11 23:41:20.357 | INFO     | model.vmamba:load_pretrained_ckpt:73 - Loaded weights: layers.0.blocks.0.norm2.bias
2024-12-11 23:41:20.357 | INFO     | model.vmamba:load_pretrained_ckpt:73 - Loaded weights: layers.0.blocks.0.mlp.fc1.weight
2024-12-11 23:41:20.357 | INFO     | model.vmamba:load_pretrained_ckpt:73 - Loaded weights: layers.0.blocks.0.mlp.fc1.bias
2024-12-11 23:41:20.357 | INFO     | model.vmamba:load_pretrained_ckpt:73 - Loaded weights: layers.0.blocks.0.mlp.fc2.weight
2024-12-11 23:41:20.357 | INFO     | model.vmamba:load_pretrained_ckpt:73 - Loaded weights: layers.0.blocks.0.mlp.fc2.bias
2024-12-11 23:41:20.357 | INFO     | model.vmamba:load_pretrained_ckpt:73 - Loaded weights: layers.0.blocks.1.norm.weight
2024-12-11 23:41:20.358 | INFO     | model.vmamba:load_pretrained_ckpt:73 - Loaded weights: layers.0.blocks.1.norm.bias
2024-12-11 23:41:20.358 | INFO     | model.vmamba:load_pretrained_ckpt:73 - Loaded weights: layers.0.blocks.1.op.x_proj_weight
2024-12-11 23:41:20.358 | INFO     | model.vmamba:load_pretrained_ckpt:73 - Loaded weights: layers.0.blocks.1.op.dt_projs_weight
2024-12-11 23:41:20.358 | INFO     | model.vmamba:load_pretrained_ckpt:73 - Loaded weights: layers.0.blocks.1.op.dt_projs_bias
2024-12-11 23:41:20.358 | INFO     | model.vmamba:load_pretrained_ckpt:73 - Loaded weights: layers.0.blocks.1.op.A_logs
2024-12-11 23:41:20.358 | INFO     | model.vmamba:load_pretrained_ckpt:73 - Loaded weights: layers.0.blocks.1.op.Ds
2024-12-11 23:41:20.358 | INFO     | model.vmamba:load_pretrained_ckpt:73 - Loaded weights: layers.0.blocks.1.op.out_norm.weight
2024-12-11 23:41:20.358 | INFO     | model.vmamba:load_pretrained_ckpt:73 - Loaded weights: layers.0.blocks.1.op.out_norm.bias
2024-12-11 23:41:20.358 | INFO     | model.vmamba:load_pretrained_ckpt:73 - Loaded weights: layers.0.blocks.1.op.in_proj.weight
2024-12-11 23:41:20.359 | INFO     | model.vmamba:load_pretrained_ckpt:73 - Loaded weights: layers.0.blocks.1.op.conv2d.weight
2024-12-11 23:41:20.359 | INFO     | model.vmamba:load_pretrained_ckpt:73 - Loaded weights: layers.0.blocks.1.op.out_proj.weight
2024-12-11 23:41:20.359 | INFO     | model.vmamba:load_pretrained_ckpt:73 - Loaded weights: layers.0.blocks.1.norm2.weight
2024-12-11 23:41:20.359 | INFO     | model.vmamba:load_pretrained_ckpt:73 - Loaded weights: layers.0.blocks.1.norm2.bias
2024-12-11 23:41:20.359 | INFO     | model.vmamba:load_pretrained_ckpt:73 - Loaded weights: layers.0.blocks.1.mlp.fc1.weight
2024-12-11 23:41:20.359 | INFO     | model.vmamba:load_pretrained_ckpt:73 - Loaded weights: layers.0.blocks.1.mlp.fc1.bias
2024-12-11 23:41:20.359 | INFO     | model.vmamba:load_pretrained_ckpt:73 - Loaded weights: layers.0.blocks.1.mlp.fc2.weight
2024-12-11 23:41:20.359 | INFO     | model.vmamba:load_pretrained_ckpt:73 - Loaded weights: layers.0.blocks.1.mlp.fc2.bias
2024-12-11 23:41:20.360 | INFO     | model.vmamba:load_pretrained_ckpt:73 - Loaded weights: downsamples.0.1.weight
2024-12-11 23:41:20.360 | INFO     | model.vmamba:load_pretrained_ckpt:73 - Loaded weights: downsamples.0.1.bias
2024-12-11 23:41:20.360 | INFO     | model.vmamba:load_pretrained_ckpt:73 - Loaded weights: downsamples.0.3.weight
2024-12-11 23:41:20.360 | INFO     | model.vmamba:load_pretrained_ckpt:73 - Loaded weights: downsamples.0.3.bias
2024-12-11 23:41:20.360 | INFO     | model.vmamba:load_pretrained_ckpt:73 - Loaded weights: layers.1.blocks.0.norm.weight
2024-12-11 23:41:20.360 | INFO     | model.vmamba:load_pretrained_ckpt:73 - Loaded weights: layers.1.blocks.0.norm.bias
2024-12-11 23:41:20.360 | INFO     | model.vmamba:load_pretrained_ckpt:73 - Loaded weights: layers.1.blocks.0.op.x_proj_weight
2024-12-11 23:41:20.360 | INFO     | model.vmamba:load_pretrained_ckpt:73 - Loaded weights: layers.1.blocks.0.op.dt_projs_weight
2024-12-11 23:41:20.360 | INFO     | model.vmamba:load_pretrained_ckpt:73 - Loaded weights: layers.1.blocks.0.op.dt_projs_bias
2024-12-11 23:41:20.361 | INFO     | model.vmamba:load_pretrained_ckpt:73 - Loaded weights: layers.1.blocks.0.op.A_logs
2024-12-11 23:41:20.361 | INFO     | model.vmamba:load_pretrained_ckpt:73 - Loaded weights: layers.1.blocks.0.op.Ds
2024-12-11 23:41:20.361 | INFO     | model.vmamba:load_pretrained_ckpt:73 - Loaded weights: layers.1.blocks.0.op.out_norm.weight
2024-12-11 23:41:20.361 | INFO     | model.vmamba:load_pretrained_ckpt:73 - Loaded weights: layers.1.blocks.0.op.out_norm.bias
2024-12-11 23:41:20.361 | INFO     | model.vmamba:load_pretrained_ckpt:73 - Loaded weights: layers.1.blocks.0.op.in_proj.weight
2024-12-11 23:41:20.361 | INFO     | model.vmamba:load_pretrained_ckpt:73 - Loaded weights: layers.1.blocks.0.op.conv2d.weight
2024-12-11 23:41:20.361 | INFO     | model.vmamba:load_pretrained_ckpt:73 - Loaded weights: layers.1.blocks.0.op.out_proj.weight
2024-12-11 23:41:20.361 | INFO     | model.vmamba:load_pretrained_ckpt:73 - Loaded weights: layers.1.blocks.0.norm2.weight
2024-12-11 23:41:20.361 | INFO     | model.vmamba:load_pretrained_ckpt:73 - Loaded weights: layers.1.blocks.0.norm2.bias
2024-12-11 23:41:20.361 | INFO     | model.vmamba:load_pretrained_ckpt:73 - Loaded weights: layers.1.blocks.0.mlp.fc1.weight
2024-12-11 23:41:20.362 | INFO     | model.vmamba:load_pretrained_ckpt:73 - Loaded weights: layers.1.blocks.0.mlp.fc1.bias
2024-12-11 23:41:20.362 | INFO     | model.vmamba:load_pretrained_ckpt:73 - Loaded weights: layers.1.blocks.0.mlp.fc2.weight
2024-12-11 23:41:20.362 | INFO     | model.vmamba:load_pretrained_ckpt:73 - Loaded weights: layers.1.blocks.0.mlp.fc2.bias
2024-12-11 23:41:20.362 | INFO     | model.vmamba:load_pretrained_ckpt:73 - Loaded weights: layers.1.blocks.1.norm.weight
2024-12-11 23:41:20.362 | INFO     | model.vmamba:load_pretrained_ckpt:73 - Loaded weights: layers.1.blocks.1.norm.bias
2024-12-11 23:41:20.362 | INFO     | model.vmamba:load_pretrained_ckpt:73 - Loaded weights: layers.1.blocks.1.op.x_proj_weight
2024-12-11 23:41:20.362 | INFO     | model.vmamba:load_pretrained_ckpt:73 - Loaded weights: layers.1.blocks.1.op.dt_projs_weight
2024-12-11 23:41:20.362 | INFO     | model.vmamba:load_pretrained_ckpt:73 - Loaded weights: layers.1.blocks.1.op.dt_projs_bias
2024-12-11 23:41:20.362 | INFO     | model.vmamba:load_pretrained_ckpt:73 - Loaded weights: layers.1.blocks.1.op.A_logs
2024-12-11 23:41:20.362 | INFO     | model.vmamba:load_pretrained_ckpt:73 - Loaded weights: layers.1.blocks.1.op.Ds
2024-12-11 23:41:20.363 | INFO     | model.vmamba:load_pretrained_ckpt:73 - Loaded weights: layers.1.blocks.1.op.out_norm.weight
2024-12-11 23:41:20.363 | INFO     | model.vmamba:load_pretrained_ckpt:73 - Loaded weights: layers.1.blocks.1.op.out_norm.bias
2024-12-11 23:41:20.363 | INFO     | model.vmamba:load_pretrained_ckpt:73 - Loaded weights: layers.1.blocks.1.op.in_proj.weight
2024-12-11 23:41:20.363 | INFO     | model.vmamba:load_pretrained_ckpt:73 - Loaded weights: layers.1.blocks.1.op.conv2d.weight
2024-12-11 23:41:20.363 | INFO     | model.vmamba:load_pretrained_ckpt:73 - Loaded weights: layers.1.blocks.1.op.out_proj.weight
2024-12-11 23:41:20.363 | INFO     | model.vmamba:load_pretrained_ckpt:73 - Loaded weights: layers.1.blocks.1.norm2.weight
2024-12-11 23:41:20.363 | INFO     | model.vmamba:load_pretrained_ckpt:73 - Loaded weights: layers.1.blocks.1.norm2.bias
2024-12-11 23:41:20.363 | INFO     | model.vmamba:load_pretrained_ckpt:73 - Loaded weights: layers.1.blocks.1.mlp.fc1.weight
2024-12-11 23:41:20.363 | INFO     | model.vmamba:load_pretrained_ckpt:73 - Loaded weights: layers.1.blocks.1.mlp.fc1.bias
2024-12-11 23:41:20.364 | INFO     | model.vmamba:load_pretrained_ckpt:73 - Loaded weights: layers.1.blocks.1.mlp.fc2.weight
2024-12-11 23:41:20.364 | INFO     | model.vmamba:load_pretrained_ckpt:73 - Loaded weights: layers.1.blocks.1.mlp.fc2.bias
2024-12-11 23:41:20.364 | INFO     | model.vmamba:load_pretrained_ckpt:73 - Loaded weights: downsamples.1.1.weight
2024-12-11 23:41:20.364 | INFO     | model.vmamba:load_pretrained_ckpt:73 - Loaded weights: downsamples.1.1.bias
2024-12-11 23:41:20.364 | INFO     | model.vmamba:load_pretrained_ckpt:73 - Loaded weights: downsamples.1.3.weight
2024-12-11 23:41:20.364 | INFO     | model.vmamba:load_pretrained_ckpt:73 - Loaded weights: downsamples.1.3.bias
2024-12-11 23:41:20.364 | INFO     | model.vmamba:load_pretrained_ckpt:73 - Loaded weights: layers.2.blocks.0.norm.weight
2024-12-11 23:41:20.364 | INFO     | model.vmamba:load_pretrained_ckpt:73 - Loaded weights: layers.2.blocks.0.norm.bias
2024-12-11 23:41:20.364 | INFO     | model.vmamba:load_pretrained_ckpt:73 - Loaded weights: layers.2.blocks.0.op.x_proj_weight
2024-12-11 23:41:20.364 | INFO     | model.vmamba:load_pretrained_ckpt:73 - Loaded weights: layers.2.blocks.0.op.dt_projs_weight
2024-12-11 23:41:20.365 | INFO     | model.vmamba:load_pretrained_ckpt:73 - Loaded weights: layers.2.blocks.0.op.dt_projs_bias
2024-12-11 23:41:20.365 | INFO     | model.vmamba:load_pretrained_ckpt:73 - Loaded weights: layers.2.blocks.0.op.A_logs
2024-12-11 23:41:20.365 | INFO     | model.vmamba:load_pretrained_ckpt:73 - Loaded weights: layers.2.blocks.0.op.Ds
2024-12-11 23:41:20.365 | INFO     | model.vmamba:load_pretrained_ckpt:73 - Loaded weights: layers.2.blocks.0.op.out_norm.weight
2024-12-11 23:41:20.365 | INFO     | model.vmamba:load_pretrained_ckpt:73 - Loaded weights: layers.2.blocks.0.op.out_norm.bias
2024-12-11 23:41:20.365 | INFO     | model.vmamba:load_pretrained_ckpt:73 - Loaded weights: layers.2.blocks.0.op.in_proj.weight
2024-12-11 23:41:20.365 | INFO     | model.vmamba:load_pretrained_ckpt:73 - Loaded weights: layers.2.blocks.0.op.conv2d.weight
2024-12-11 23:41:20.365 | INFO     | model.vmamba:load_pretrained_ckpt:73 - Loaded weights: layers.2.blocks.0.op.out_proj.weight
2024-12-11 23:41:20.365 | INFO     | model.vmamba:load_pretrained_ckpt:73 - Loaded weights: layers.2.blocks.0.norm2.weight
2024-12-11 23:41:20.366 | INFO     | model.vmamba:load_pretrained_ckpt:73 - Loaded weights: layers.2.blocks.0.norm2.bias
2024-12-11 23:41:20.366 | INFO     | model.vmamba:load_pretrained_ckpt:73 - Loaded weights: layers.2.blocks.0.mlp.fc1.weight
2024-12-11 23:41:20.366 | INFO     | model.vmamba:load_pretrained_ckpt:73 - Loaded weights: layers.2.blocks.0.mlp.fc1.bias
2024-12-11 23:41:20.366 | INFO     | model.vmamba:load_pretrained_ckpt:73 - Loaded weights: layers.2.blocks.0.mlp.fc2.weight
2024-12-11 23:41:20.366 | INFO     | model.vmamba:load_pretrained_ckpt:73 - Loaded weights: layers.2.blocks.0.mlp.fc2.bias
2024-12-11 23:41:20.366 | INFO     | model.vmamba:load_pretrained_ckpt:73 - Loaded weights: layers.2.blocks.1.norm.weight
2024-12-11 23:41:20.366 | INFO     | model.vmamba:load_pretrained_ckpt:73 - Loaded weights: layers.2.blocks.1.norm.bias
2024-12-11 23:41:20.366 | INFO     | model.vmamba:load_pretrained_ckpt:73 - Loaded weights: layers.2.blocks.1.op.x_proj_weight
2024-12-11 23:41:20.366 | INFO     | model.vmamba:load_pretrained_ckpt:73 - Loaded weights: layers.2.blocks.1.op.dt_projs_weight
2024-12-11 23:41:20.366 | INFO     | model.vmamba:load_pretrained_ckpt:73 - Loaded weights: layers.2.blocks.1.op.dt_projs_bias
2024-12-11 23:41:20.367 | INFO     | model.vmamba:load_pretrained_ckpt:73 - Loaded weights: layers.2.blocks.1.op.A_logs
2024-12-11 23:41:20.367 | INFO     | model.vmamba:load_pretrained_ckpt:73 - Loaded weights: layers.2.blocks.1.op.Ds
2024-12-11 23:41:20.367 | INFO     | model.vmamba:load_pretrained_ckpt:73 - Loaded weights: layers.2.blocks.1.op.out_norm.weight
2024-12-11 23:41:20.367 | INFO     | model.vmamba:load_pretrained_ckpt:73 - Loaded weights: layers.2.blocks.1.op.out_norm.bias
2024-12-11 23:41:20.367 | INFO     | model.vmamba:load_pretrained_ckpt:73 - Loaded weights: layers.2.blocks.1.op.in_proj.weight
2024-12-11 23:41:20.367 | INFO     | model.vmamba:load_pretrained_ckpt:73 - Loaded weights: layers.2.blocks.1.op.conv2d.weight
2024-12-11 23:41:20.367 | INFO     | model.vmamba:load_pretrained_ckpt:73 - Loaded weights: layers.2.blocks.1.op.out_proj.weight
2024-12-11 23:41:20.367 | INFO     | model.vmamba:load_pretrained_ckpt:73 - Loaded weights: layers.2.blocks.1.norm2.weight
2024-12-11 23:41:20.367 | INFO     | model.vmamba:load_pretrained_ckpt:73 - Loaded weights: layers.2.blocks.1.norm2.bias
2024-12-11 23:41:20.367 | INFO     | model.vmamba:load_pretrained_ckpt:73 - Loaded weights: layers.2.blocks.1.mlp.fc1.weight
2024-12-11 23:41:20.368 | INFO     | model.vmamba:load_pretrained_ckpt:73 - Loaded weights: layers.2.blocks.1.mlp.fc1.bias
2024-12-11 23:41:20.368 | INFO     | model.vmamba:load_pretrained_ckpt:73 - Loaded weights: layers.2.blocks.1.mlp.fc2.weight
2024-12-11 23:41:20.368 | INFO     | model.vmamba:load_pretrained_ckpt:73 - Loaded weights: layers.2.blocks.1.mlp.fc2.bias
2024-12-11 23:41:20.368 | INFO     | model.vmamba:load_pretrained_ckpt:73 - Loaded weights: layers.2.blocks.2.norm.weight
2024-12-11 23:41:20.368 | INFO     | model.vmamba:load_pretrained_ckpt:73 - Loaded weights: layers.2.blocks.2.norm.bias
2024-12-11 23:41:20.368 | INFO     | model.vmamba:load_pretrained_ckpt:73 - Loaded weights: layers.2.blocks.2.op.x_proj_weight
2024-12-11 23:41:20.368 | INFO     | model.vmamba:load_pretrained_ckpt:73 - Loaded weights: layers.2.blocks.2.op.dt_projs_weight
2024-12-11 23:41:20.368 | INFO     | model.vmamba:load_pretrained_ckpt:73 - Loaded weights: layers.2.blocks.2.op.dt_projs_bias
2024-12-11 23:41:20.368 | INFO     | model.vmamba:load_pretrained_ckpt:73 - Loaded weights: layers.2.blocks.2.op.A_logs
2024-12-11 23:41:20.369 | INFO     | model.vmamba:load_pretrained_ckpt:73 - Loaded weights: layers.2.blocks.2.op.Ds
2024-12-11 23:41:20.369 | INFO     | model.vmamba:load_pretrained_ckpt:73 - Loaded weights: layers.2.blocks.2.op.out_norm.weight
2024-12-11 23:41:20.369 | INFO     | model.vmamba:load_pretrained_ckpt:73 - Loaded weights: layers.2.blocks.2.op.out_norm.bias
2024-12-11 23:41:20.369 | INFO     | model.vmamba:load_pretrained_ckpt:73 - Loaded weights: layers.2.blocks.2.op.in_proj.weight
2024-12-11 23:41:20.369 | INFO     | model.vmamba:load_pretrained_ckpt:73 - Loaded weights: layers.2.blocks.2.op.conv2d.weight
2024-12-11 23:41:20.369 | INFO     | model.vmamba:load_pretrained_ckpt:73 - Loaded weights: layers.2.blocks.2.op.out_proj.weight
2024-12-11 23:41:20.369 | INFO     | model.vmamba:load_pretrained_ckpt:73 - Loaded weights: layers.2.blocks.2.norm2.weight
2024-12-11 23:41:20.369 | INFO     | model.vmamba:load_pretrained_ckpt:73 - Loaded weights: layers.2.blocks.2.norm2.bias
2024-12-11 23:41:20.369 | INFO     | model.vmamba:load_pretrained_ckpt:73 - Loaded weights: layers.2.blocks.2.mlp.fc1.weight
2024-12-11 23:41:20.369 | INFO     | model.vmamba:load_pretrained_ckpt:73 - Loaded weights: layers.2.blocks.2.mlp.fc1.bias
2024-12-11 23:41:20.370 | INFO     | model.vmamba:load_pretrained_ckpt:73 - Loaded weights: layers.2.blocks.2.mlp.fc2.weight
2024-12-11 23:41:20.370 | INFO     | model.vmamba:load_pretrained_ckpt:73 - Loaded weights: layers.2.blocks.2.mlp.fc2.bias
2024-12-11 23:41:20.370 | INFO     | model.vmamba:load_pretrained_ckpt:73 - Loaded weights: layers.2.blocks.3.norm.weight
2024-12-11 23:41:20.370 | INFO     | model.vmamba:load_pretrained_ckpt:73 - Loaded weights: layers.2.blocks.3.norm.bias
2024-12-11 23:41:20.370 | INFO     | model.vmamba:load_pretrained_ckpt:73 - Loaded weights: layers.2.blocks.3.op.x_proj_weight
2024-12-11 23:41:20.370 | INFO     | model.vmamba:load_pretrained_ckpt:73 - Loaded weights: layers.2.blocks.3.op.dt_projs_weight
2024-12-11 23:41:20.370 | INFO     | model.vmamba:load_pretrained_ckpt:73 - Loaded weights: layers.2.blocks.3.op.dt_projs_bias
2024-12-11 23:41:20.370 | INFO     | model.vmamba:load_pretrained_ckpt:73 - Loaded weights: layers.2.blocks.3.op.A_logs
2024-12-11 23:41:20.370 | INFO     | model.vmamba:load_pretrained_ckpt:73 - Loaded weights: layers.2.blocks.3.op.Ds
2024-12-11 23:41:20.370 | INFO     | model.vmamba:load_pretrained_ckpt:73 - Loaded weights: layers.2.blocks.3.op.out_norm.weight
2024-12-11 23:41:20.371 | INFO     | model.vmamba:load_pretrained_ckpt:73 - Loaded weights: layers.2.blocks.3.op.out_norm.bias
2024-12-11 23:41:20.371 | INFO     | model.vmamba:load_pretrained_ckpt:73 - Loaded weights: layers.2.blocks.3.op.in_proj.weight
2024-12-11 23:41:20.371 | INFO     | model.vmamba:load_pretrained_ckpt:73 - Loaded weights: layers.2.blocks.3.op.conv2d.weight
2024-12-11 23:41:20.371 | INFO     | model.vmamba:load_pretrained_ckpt:73 - Loaded weights: layers.2.blocks.3.op.out_proj.weight
2024-12-11 23:41:20.371 | INFO     | model.vmamba:load_pretrained_ckpt:73 - Loaded weights: layers.2.blocks.3.norm2.weight
2024-12-11 23:41:20.371 | INFO     | model.vmamba:load_pretrained_ckpt:73 - Loaded weights: layers.2.blocks.3.norm2.bias
2024-12-11 23:41:20.371 | INFO     | model.vmamba:load_pretrained_ckpt:73 - Loaded weights: layers.2.blocks.3.mlp.fc1.weight
2024-12-11 23:41:20.371 | INFO     | model.vmamba:load_pretrained_ckpt:73 - Loaded weights: layers.2.blocks.3.mlp.fc1.bias
2024-12-11 23:41:20.371 | INFO     | model.vmamba:load_pretrained_ckpt:73 - Loaded weights: layers.2.blocks.3.mlp.fc2.weight
2024-12-11 23:41:20.371 | INFO     | model.vmamba:load_pretrained_ckpt:73 - Loaded weights: layers.2.blocks.3.mlp.fc2.bias
2024-12-11 23:41:20.372 | INFO     | model.vmamba:load_pretrained_ckpt:73 - Loaded weights: layers.2.blocks.4.norm.weight
2024-12-11 23:41:20.372 | INFO     | model.vmamba:load_pretrained_ckpt:73 - Loaded weights: layers.2.blocks.4.norm.bias
2024-12-11 23:41:20.372 | INFO     | model.vmamba:load_pretrained_ckpt:73 - Loaded weights: layers.2.blocks.4.op.x_proj_weight
2024-12-11 23:41:20.372 | INFO     | model.vmamba:load_pretrained_ckpt:73 - Loaded weights: layers.2.blocks.4.op.dt_projs_weight
2024-12-11 23:41:20.372 | INFO     | model.vmamba:load_pretrained_ckpt:73 - Loaded weights: layers.2.blocks.4.op.dt_projs_bias
2024-12-11 23:41:20.372 | INFO     | model.vmamba:load_pretrained_ckpt:73 - Loaded weights: layers.2.blocks.4.op.A_logs
2024-12-11 23:41:20.372 | INFO     | model.vmamba:load_pretrained_ckpt:73 - Loaded weights: layers.2.blocks.4.op.Ds
2024-12-11 23:41:20.372 | INFO     | model.vmamba:load_pretrained_ckpt:73 - Loaded weights: layers.2.blocks.4.op.out_norm.weight
2024-12-11 23:41:20.372 | INFO     | model.vmamba:load_pretrained_ckpt:73 - Loaded weights: layers.2.blocks.4.op.out_norm.bias
2024-12-11 23:41:20.373 | INFO     | model.vmamba:load_pretrained_ckpt:73 - Loaded weights: layers.2.blocks.4.op.in_proj.weight
2024-12-11 23:41:20.373 | INFO     | model.vmamba:load_pretrained_ckpt:73 - Loaded weights: layers.2.blocks.4.op.conv2d.weight
2024-12-11 23:41:20.373 | INFO     | model.vmamba:load_pretrained_ckpt:73 - Loaded weights: layers.2.blocks.4.op.out_proj.weight
2024-12-11 23:41:20.373 | INFO     | model.vmamba:load_pretrained_ckpt:73 - Loaded weights: layers.2.blocks.4.norm2.weight
2024-12-11 23:41:20.373 | INFO     | model.vmamba:load_pretrained_ckpt:73 - Loaded weights: layers.2.blocks.4.norm2.bias
2024-12-11 23:41:20.373 | INFO     | model.vmamba:load_pretrained_ckpt:73 - Loaded weights: layers.2.blocks.4.mlp.fc1.weight
2024-12-11 23:41:20.373 | INFO     | model.vmamba:load_pretrained_ckpt:73 - Loaded weights: layers.2.blocks.4.mlp.fc1.bias
2024-12-11 23:41:20.373 | INFO     | model.vmamba:load_pretrained_ckpt:73 - Loaded weights: layers.2.blocks.4.mlp.fc2.weight
2024-12-11 23:41:20.373 | INFO     | model.vmamba:load_pretrained_ckpt:73 - Loaded weights: layers.2.blocks.4.mlp.fc2.bias
2024-12-11 23:41:20.373 | INFO     | model.vmamba:load_pretrained_ckpt:73 - Loaded weights: layers.2.blocks.5.norm.weight
2024-12-11 23:41:20.374 | INFO     | model.vmamba:load_pretrained_ckpt:73 - Loaded weights: layers.2.blocks.5.norm.bias
2024-12-11 23:41:20.374 | INFO     | model.vmamba:load_pretrained_ckpt:73 - Loaded weights: layers.2.blocks.5.op.x_proj_weight
2024-12-11 23:41:20.374 | INFO     | model.vmamba:load_pretrained_ckpt:73 - Loaded weights: layers.2.blocks.5.op.dt_projs_weight
2024-12-11 23:41:20.374 | INFO     | model.vmamba:load_pretrained_ckpt:73 - Loaded weights: layers.2.blocks.5.op.dt_projs_bias
2024-12-11 23:41:20.374 | INFO     | model.vmamba:load_pretrained_ckpt:73 - Loaded weights: layers.2.blocks.5.op.A_logs
2024-12-11 23:41:20.374 | INFO     | model.vmamba:load_pretrained_ckpt:73 - Loaded weights: layers.2.blocks.5.op.Ds
2024-12-11 23:41:20.374 | INFO     | model.vmamba:load_pretrained_ckpt:73 - Loaded weights: layers.2.blocks.5.op.out_norm.weight
2024-12-11 23:41:20.374 | INFO     | model.vmamba:load_pretrained_ckpt:73 - Loaded weights: layers.2.blocks.5.op.out_norm.bias
2024-12-11 23:41:20.374 | INFO     | model.vmamba:load_pretrained_ckpt:73 - Loaded weights: layers.2.blocks.5.op.in_proj.weight
2024-12-11 23:41:20.375 | INFO     | model.vmamba:load_pretrained_ckpt:73 - Loaded weights: layers.2.blocks.5.op.conv2d.weight
2024-12-11 23:41:20.375 | INFO     | model.vmamba:load_pretrained_ckpt:73 - Loaded weights: layers.2.blocks.5.op.out_proj.weight
2024-12-11 23:41:20.375 | INFO     | model.vmamba:load_pretrained_ckpt:73 - Loaded weights: layers.2.blocks.5.norm2.weight
2024-12-11 23:41:20.375 | INFO     | model.vmamba:load_pretrained_ckpt:73 - Loaded weights: layers.2.blocks.5.norm2.bias
2024-12-11 23:41:20.375 | INFO     | model.vmamba:load_pretrained_ckpt:73 - Loaded weights: layers.2.blocks.5.mlp.fc1.weight
2024-12-11 23:41:20.375 | INFO     | model.vmamba:load_pretrained_ckpt:73 - Loaded weights: layers.2.blocks.5.mlp.fc1.bias
2024-12-11 23:41:20.375 | INFO     | model.vmamba:load_pretrained_ckpt:73 - Loaded weights: layers.2.blocks.5.mlp.fc2.weight
2024-12-11 23:41:20.375 | INFO     | model.vmamba:load_pretrained_ckpt:73 - Loaded weights: layers.2.blocks.5.mlp.fc2.bias
2024-12-11 23:41:20.375 | INFO     | model.vmamba:load_pretrained_ckpt:73 - Loaded weights: layers.2.blocks.6.norm.weight
2024-12-11 23:41:20.375 | INFO     | model.vmamba:load_pretrained_ckpt:73 - Loaded weights: layers.2.blocks.6.norm.bias
2024-12-11 23:41:20.376 | INFO     | model.vmamba:load_pretrained_ckpt:73 - Loaded weights: layers.2.blocks.6.op.x_proj_weight
2024-12-11 23:41:20.376 | INFO     | model.vmamba:load_pretrained_ckpt:73 - Loaded weights: layers.2.blocks.6.op.dt_projs_weight
2024-12-11 23:41:20.376 | INFO     | model.vmamba:load_pretrained_ckpt:73 - Loaded weights: layers.2.blocks.6.op.dt_projs_bias
2024-12-11 23:41:20.376 | INFO     | model.vmamba:load_pretrained_ckpt:73 - Loaded weights: layers.2.blocks.6.op.A_logs
2024-12-11 23:41:20.376 | INFO     | model.vmamba:load_pretrained_ckpt:73 - Loaded weights: layers.2.blocks.6.op.Ds
2024-12-11 23:41:20.376 | INFO     | model.vmamba:load_pretrained_ckpt:73 - Loaded weights: layers.2.blocks.6.op.out_norm.weight
2024-12-11 23:41:20.376 | INFO     | model.vmamba:load_pretrained_ckpt:73 - Loaded weights: layers.2.blocks.6.op.out_norm.bias
2024-12-11 23:41:20.376 | INFO     | model.vmamba:load_pretrained_ckpt:73 - Loaded weights: layers.2.blocks.6.op.in_proj.weight
2024-12-11 23:41:20.376 | INFO     | model.vmamba:load_pretrained_ckpt:73 - Loaded weights: layers.2.blocks.6.op.conv2d.weight
2024-12-11 23:41:20.376 | INFO     | model.vmamba:load_pretrained_ckpt:73 - Loaded weights: layers.2.blocks.6.op.out_proj.weight
2024-12-11 23:41:20.377 | INFO     | model.vmamba:load_pretrained_ckpt:73 - Loaded weights: layers.2.blocks.6.norm2.weight
2024-12-11 23:41:20.377 | INFO     | model.vmamba:load_pretrained_ckpt:73 - Loaded weights: layers.2.blocks.6.norm2.bias
2024-12-11 23:41:20.377 | INFO     | model.vmamba:load_pretrained_ckpt:73 - Loaded weights: layers.2.blocks.6.mlp.fc1.weight
2024-12-11 23:41:20.377 | INFO     | model.vmamba:load_pretrained_ckpt:73 - Loaded weights: layers.2.blocks.6.mlp.fc1.bias
2024-12-11 23:41:20.377 | INFO     | model.vmamba:load_pretrained_ckpt:73 - Loaded weights: layers.2.blocks.6.mlp.fc2.weight
2024-12-11 23:41:20.377 | INFO     | model.vmamba:load_pretrained_ckpt:73 - Loaded weights: layers.2.blocks.6.mlp.fc2.bias
2024-12-11 23:41:20.377 | INFO     | model.vmamba:load_pretrained_ckpt:73 - Loaded weights: layers.2.blocks.7.norm.weight
2024-12-11 23:41:20.377 | INFO     | model.vmamba:load_pretrained_ckpt:73 - Loaded weights: layers.2.blocks.7.norm.bias
2024-12-11 23:41:20.377 | INFO     | model.vmamba:load_pretrained_ckpt:73 - Loaded weights: layers.2.blocks.7.op.x_proj_weight
2024-12-11 23:41:20.378 | INFO     | model.vmamba:load_pretrained_ckpt:73 - Loaded weights: layers.2.blocks.7.op.dt_projs_weight
2024-12-11 23:41:20.378 | INFO     | model.vmamba:load_pretrained_ckpt:73 - Loaded weights: layers.2.blocks.7.op.dt_projs_bias
2024-12-11 23:41:20.378 | INFO     | model.vmamba:load_pretrained_ckpt:73 - Loaded weights: layers.2.blocks.7.op.A_logs
2024-12-11 23:41:20.378 | INFO     | model.vmamba:load_pretrained_ckpt:73 - Loaded weights: layers.2.blocks.7.op.Ds
2024-12-11 23:41:20.378 | INFO     | model.vmamba:load_pretrained_ckpt:73 - Loaded weights: layers.2.blocks.7.op.out_norm.weight
2024-12-11 23:41:20.378 | INFO     | model.vmamba:load_pretrained_ckpt:73 - Loaded weights: layers.2.blocks.7.op.out_norm.bias
2024-12-11 23:41:20.378 | INFO     | model.vmamba:load_pretrained_ckpt:73 - Loaded weights: layers.2.blocks.7.op.in_proj.weight
2024-12-11 23:41:20.378 | INFO     | model.vmamba:load_pretrained_ckpt:73 - Loaded weights: layers.2.blocks.7.op.conv2d.weight
2024-12-11 23:41:20.378 | INFO     | model.vmamba:load_pretrained_ckpt:73 - Loaded weights: layers.2.blocks.7.op.out_proj.weight
2024-12-11 23:41:20.378 | INFO     | model.vmamba:load_pretrained_ckpt:73 - Loaded weights: layers.2.blocks.7.norm2.weight
2024-12-11 23:41:20.379 | INFO     | model.vmamba:load_pretrained_ckpt:73 - Loaded weights: layers.2.blocks.7.norm2.bias
2024-12-11 23:41:20.379 | INFO     | model.vmamba:load_pretrained_ckpt:73 - Loaded weights: layers.2.blocks.7.mlp.fc1.weight
2024-12-11 23:41:20.379 | INFO     | model.vmamba:load_pretrained_ckpt:73 - Loaded weights: layers.2.blocks.7.mlp.fc1.bias
2024-12-11 23:41:20.379 | INFO     | model.vmamba:load_pretrained_ckpt:73 - Loaded weights: layers.2.blocks.7.mlp.fc2.weight
2024-12-11 23:41:20.379 | INFO     | model.vmamba:load_pretrained_ckpt:73 - Loaded weights: layers.2.blocks.7.mlp.fc2.bias
2024-12-11 23:41:20.379 | INFO     | model.vmamba:load_pretrained_ckpt:73 - Loaded weights: downsamples.2.1.weight
2024-12-11 23:41:20.379 | INFO     | model.vmamba:load_pretrained_ckpt:73 - Loaded weights: downsamples.2.1.bias
2024-12-11 23:41:20.379 | INFO     | model.vmamba:load_pretrained_ckpt:73 - Loaded weights: downsamples.2.3.weight
2024-12-11 23:41:20.379 | INFO     | model.vmamba:load_pretrained_ckpt:73 - Loaded weights: downsamples.2.3.bias
2024-12-11 23:41:20.380 | INFO     | model.vmamba:load_pretrained_ckpt:73 - Loaded weights: layers.3.blocks.0.norm.weight
2024-12-11 23:41:20.380 | INFO     | model.vmamba:load_pretrained_ckpt:73 - Loaded weights: layers.3.blocks.0.norm.bias
2024-12-11 23:41:20.380 | INFO     | model.vmamba:load_pretrained_ckpt:73 - Loaded weights: layers.3.blocks.0.op.x_proj_weight
2024-12-11 23:41:20.380 | INFO     | model.vmamba:load_pretrained_ckpt:73 - Loaded weights: layers.3.blocks.0.op.dt_projs_weight
2024-12-11 23:41:20.380 | INFO     | model.vmamba:load_pretrained_ckpt:73 - Loaded weights: layers.3.blocks.0.op.dt_projs_bias
2024-12-11 23:41:20.380 | INFO     | model.vmamba:load_pretrained_ckpt:73 - Loaded weights: layers.3.blocks.0.op.A_logs
2024-12-11 23:41:20.380 | INFO     | model.vmamba:load_pretrained_ckpt:73 - Loaded weights: layers.3.blocks.0.op.Ds
2024-12-11 23:41:20.380 | INFO     | model.vmamba:load_pretrained_ckpt:73 - Loaded weights: layers.3.blocks.0.op.out_norm.weight
2024-12-11 23:41:20.380 | INFO     | model.vmamba:load_pretrained_ckpt:73 - Loaded weights: layers.3.blocks.0.op.out_norm.bias
2024-12-11 23:41:20.380 | INFO     | model.vmamba:load_pretrained_ckpt:73 - Loaded weights: layers.3.blocks.0.op.in_proj.weight
2024-12-11 23:41:20.381 | INFO     | model.vmamba:load_pretrained_ckpt:73 - Loaded weights: layers.3.blocks.0.op.conv2d.weight
2024-12-11 23:41:20.381 | INFO     | model.vmamba:load_pretrained_ckpt:73 - Loaded weights: layers.3.blocks.0.op.out_proj.weight
2024-12-11 23:41:20.381 | INFO     | model.vmamba:load_pretrained_ckpt:73 - Loaded weights: layers.3.blocks.0.norm2.weight
2024-12-11 23:41:20.381 | INFO     | model.vmamba:load_pretrained_ckpt:73 - Loaded weights: layers.3.blocks.0.norm2.bias
2024-12-11 23:41:20.381 | INFO     | model.vmamba:load_pretrained_ckpt:73 - Loaded weights: layers.3.blocks.0.mlp.fc1.weight
2024-12-11 23:41:20.381 | INFO     | model.vmamba:load_pretrained_ckpt:73 - Loaded weights: layers.3.blocks.0.mlp.fc1.bias
2024-12-11 23:41:20.381 | INFO     | model.vmamba:load_pretrained_ckpt:73 - Loaded weights: layers.3.blocks.0.mlp.fc2.weight
2024-12-11 23:41:20.381 | INFO     | model.vmamba:load_pretrained_ckpt:73 - Loaded weights: layers.3.blocks.0.mlp.fc2.bias
2024-12-11 23:41:20.381 | INFO     | model.vmamba:load_pretrained_ckpt:73 - Loaded weights: layers.3.blocks.1.norm.weight
2024-12-11 23:41:20.382 | INFO     | model.vmamba:load_pretrained_ckpt:73 - Loaded weights: layers.3.blocks.1.norm.bias
2024-12-11 23:41:20.382 | INFO     | model.vmamba:load_pretrained_ckpt:73 - Loaded weights: layers.3.blocks.1.op.x_proj_weight
2024-12-11 23:41:20.382 | INFO     | model.vmamba:load_pretrained_ckpt:73 - Loaded weights: layers.3.blocks.1.op.dt_projs_weight
2024-12-11 23:41:20.382 | INFO     | model.vmamba:load_pretrained_ckpt:73 - Loaded weights: layers.3.blocks.1.op.dt_projs_bias
2024-12-11 23:41:20.382 | INFO     | model.vmamba:load_pretrained_ckpt:73 - Loaded weights: layers.3.blocks.1.op.A_logs
2024-12-11 23:41:20.382 | INFO     | model.vmamba:load_pretrained_ckpt:73 - Loaded weights: layers.3.blocks.1.op.Ds
2024-12-11 23:41:20.382 | INFO     | model.vmamba:load_pretrained_ckpt:73 - Loaded weights: layers.3.blocks.1.op.out_norm.weight
2024-12-11 23:41:20.382 | INFO     | model.vmamba:load_pretrained_ckpt:73 - Loaded weights: layers.3.blocks.1.op.out_norm.bias
2024-12-11 23:41:20.382 | INFO     | model.vmamba:load_pretrained_ckpt:73 - Loaded weights: layers.3.blocks.1.op.in_proj.weight
2024-12-11 23:41:20.382 | INFO     | model.vmamba:load_pretrained_ckpt:73 - Loaded weights: layers.3.blocks.1.op.conv2d.weight
2024-12-11 23:41:20.383 | INFO     | model.vmamba:load_pretrained_ckpt:73 - Loaded weights: layers.3.blocks.1.op.out_proj.weight
2024-12-11 23:41:20.383 | INFO     | model.vmamba:load_pretrained_ckpt:73 - Loaded weights: layers.3.blocks.1.norm2.weight
2024-12-11 23:41:20.383 | INFO     | model.vmamba:load_pretrained_ckpt:73 - Loaded weights: layers.3.blocks.1.norm2.bias
2024-12-11 23:41:20.383 | INFO     | model.vmamba:load_pretrained_ckpt:73 - Loaded weights: layers.3.blocks.1.mlp.fc1.weight
2024-12-11 23:41:20.383 | INFO     | model.vmamba:load_pretrained_ckpt:73 - Loaded weights: layers.3.blocks.1.mlp.fc1.bias
2024-12-11 23:41:20.383 | INFO     | model.vmamba:load_pretrained_ckpt:73 - Loaded weights: layers.3.blocks.1.mlp.fc2.weight
2024-12-11 23:41:20.383 | INFO     | model.vmamba:load_pretrained_ckpt:73 - Loaded weights: layers.3.blocks.1.mlp.fc2.bias
2024-12-11 23:41:20.383 | INFO     | model.vmamba:load_pretrained_ckpt:75 - Passing weights: classifier.norm.weight
2024-12-11 23:41:20.383 | INFO     | model.vmamba:load_pretrained_ckpt:75 - Passing weights: classifier.norm.bias
2024-12-11 23:41:20.383 | INFO     | model.vmamba:load_pretrained_ckpt:75 - Passing weights: classifier.head.weight
2024-12-11 23:41:20.384 | INFO     | model.vmamba:load_pretrained_ckpt:75 - Passing weights: classifier.head.bias
2024-12-11 23:41:21.059 | INFO     | __main__:val_dataloader:96 - Validation dataloader: {'batch_size': 1, 'shuffle': False, 'pin_memory': True, 'num_workers': 1, 'persistent_workers': True}
2024-12-11 23:41:22.210 | INFO     | __main__:log_and_logger:136 - val_mean_dice: 0.030214012134820223
2024-12-11 23:41:22.217 | INFO     | __main__:train_dataloader:83 - Training dataloader: {'batch_size': 24, 'num_workers': 6, 'shuffle': True, 'pin_memory': True, 'persistent_workers': True, 'worker_init_fn': None}
2024-12-11 23:41:49.893 | INFO     | __main__:log_and_logger:136 - mean_train_loss: 0.6075592637062073
2024-12-11 23:42:17.179 | INFO     | __main__:log_and_logger:136 - mean_train_loss: 0.2807100713253021
2024-12-11 23:42:44.317 | INFO     | __main__:log_and_logger:136 - mean_train_loss: 0.1948929876089096
2024-12-11 23:43:12.253 | INFO     | __main__:log_and_logger:136 - mean_train_loss: 0.1503937691450119
2024-12-11 23:43:52.686 | INFO     | __main__:log_and_logger:136 - val_mean_dice: 0.8082631537069878
2024-12-11 23:43:55.196 | INFO     | __main__:log_and_logger:136 - mean_train_loss: 0.13993051648139954
2024-12-11 23:44:22.356 | INFO     | __main__:log_and_logger:136 - mean_train_loss: 0.12326499819755554
2024-12-11 23:44:49.357 | INFO     | __main__:log_and_logger:136 - mean_train_loss: 0.10954596102237701
2024-12-11 23:45:16.818 | INFO     | __main__:log_and_logger:136 - mean_train_loss: 0.1062689796090126
2024-12-11 23:45:44.044 | INFO     | __main__:log_and_logger:136 - mean_train_loss: 0.10269679874181747
2024-12-11 23:46:24.651 | INFO     | __main__:log_and_logger:136 - val_mean_dice: 0.8798119728763898
2024-12-11 23:46:27.430 | INFO     | __main__:log_and_logger:136 - mean_train_loss: 0.09123498201370239
2024-12-11 23:46:59.346 | INFO     | __main__:log_and_logger:136 - mean_train_loss: 0.11166121065616608
2024-12-11 23:47:31.520 | INFO     | __main__:log_and_logger:136 - mean_train_loss: 0.10122998058795929
2024-12-11 23:48:03.408 | INFO     | __main__:log_and_logger:136 - mean_train_loss: 0.08493184298276901
2024-12-11 23:48:35.711 | INFO     | __main__:log_and_logger:136 - mean_train_loss: 0.08889783173799515
2024-12-11 23:49:21.389 | INFO     | __main__:log_and_logger:136 - val_mean_dice: 0.8695500530302525
2024-12-11 23:49:23.373 | INFO     | __main__:log_and_logger:136 - mean_train_loss: 0.08779935538768768
2024-12-11 23:49:55.102 | INFO     | __main__:log_and_logger:136 - mean_train_loss: 0.0894436240196228
2024-12-11 23:50:26.861 | INFO     | __main__:log_and_logger:136 - mean_train_loss: 0.08982052654027939
2024-12-11 23:50:58.865 | INFO     | __main__:log_and_logger:136 - mean_train_loss: 0.0886625200510025
2024-12-11 23:51:31.334 | INFO     | __main__:log_and_logger:136 - mean_train_loss: 0.08423492312431335
2024-12-11 23:52:17.124 | INFO     | __main__:log_and_logger:136 - val_mean_dice: 0.8837658288578192
2024-12-11 23:52:20.738 | INFO     | __main__:log_and_logger:136 - mean_train_loss: 0.08074193447828293
2024-12-11 23:52:52.599 | INFO     | __main__:log_and_logger:136 - mean_train_loss: 0.08566544204950333
2024-12-11 23:53:24.673 | INFO     | __main__:log_and_logger:136 - mean_train_loss: 0.08559288829565048
2024-12-11 23:53:56.819 | INFO     | __main__:log_and_logger:136 - mean_train_loss: 0.07758897542953491
2024-12-11 23:54:28.706 | INFO     | __main__:log_and_logger:136 - mean_train_loss: 0.0700848400592804
2024-12-11 23:55:13.452 | INFO     | __main__:log_and_logger:136 - val_mean_dice: 0.9007811546325684
2024-12-11 23:55:16.783 | INFO     | __main__:log_and_logger:136 - mean_train_loss: 0.07093857228755951
2024-12-11 23:55:48.858 | INFO     | __main__:log_and_logger:136 - mean_train_loss: 0.07316085696220398
2024-12-11 23:56:20.470 | INFO     | __main__:log_and_logger:136 - mean_train_loss: 0.06636742502450943
2024-12-11 23:56:52.211 | INFO     | __main__:log_and_logger:136 - mean_train_loss: 0.07141182571649551
2024-12-11 23:57:24.193 | INFO     | __main__:log_and_logger:136 - mean_train_loss: 0.0677374005317688
2024-12-11 23:58:09.484 | INFO     | __main__:log_and_logger:136 - val_mean_dice: 0.8932949073612689
2024-12-11 23:58:11.394 | INFO     | __main__:log_and_logger:136 - mean_train_loss: 0.06865396350622177
2024-12-11 23:58:43.423 | INFO     | __main__:log_and_logger:136 - mean_train_loss: 0.07166256010532379
2024-12-11 23:59:16.000 | INFO     | __main__:log_and_logger:136 - mean_train_loss: 0.06657930463552475
2024-12-11 23:59:48.597 | INFO     | __main__:log_and_logger:136 - mean_train_loss: 0.070982426404953
2024-12-12 00:00:20.469 | INFO     | __main__:log_and_logger:136 - mean_train_loss: 0.06796114891767502
2024-12-12 00:01:06.378 | INFO     | __main__:log_and_logger:136 - val_mean_dice: 0.9132023026545841
2024-12-12 00:01:10.074 | INFO     | __main__:log_and_logger:136 - mean_train_loss: 0.06756380200386047
2024-12-12 00:01:41.875 | INFO     | __main__:log_and_logger:136 - mean_train_loss: 0.06825597584247589
2024-12-12 00:02:13.822 | INFO     | __main__:log_and_logger:136 - mean_train_loss: 0.05971648171544075
2024-12-12 00:02:45.608 | INFO     | __main__:log_and_logger:136 - mean_train_loss: 0.05935787782073021
2024-12-12 00:03:18.006 | INFO     | __main__:log_and_logger:136 - mean_train_loss: 0.06376536935567856
2024-12-12 00:04:03.639 | INFO     | __main__:log_and_logger:136 - val_mean_dice: 0.9056320369243623
2024-12-12 00:04:05.564 | INFO     | __main__:log_and_logger:136 - mean_train_loss: 0.07207771390676498
2024-12-12 00:04:37.585 | INFO     | __main__:log_and_logger:136 - mean_train_loss: 0.06328563392162323
2024-12-12 00:05:09.422 | INFO     | __main__:log_and_logger:136 - mean_train_loss: 0.0613178089261055
2024-12-12 00:05:41.168 | INFO     | __main__:log_and_logger:136 - mean_train_loss: 0.056860629469156265
2024-12-12 00:06:13.497 | INFO     | __main__:log_and_logger:136 - mean_train_loss: 0.05442311242222786
2024-12-12 00:06:58.831 | INFO     | __main__:log_and_logger:136 - val_mean_dice: 0.9129647935430208
2024-12-12 00:07:00.759 | INFO     | __main__:log_and_logger:136 - mean_train_loss: 0.06304272264242172
2024-12-12 00:07:32.622 | INFO     | __main__:log_and_logger:136 - mean_train_loss: 0.06642787158489227
2024-12-12 00:08:04.674 | INFO     | __main__:log_and_logger:136 - mean_train_loss: 0.06902621686458588
2024-12-12 00:08:36.894 | INFO     | __main__:log_and_logger:136 - mean_train_loss: 0.06400667876005173
2024-12-12 00:09:09.053 | INFO     | __main__:log_and_logger:136 - mean_train_loss: 0.055981606245040894
2024-12-12 00:09:53.902 | INFO     | __main__:log_and_logger:136 - val_mean_dice: 0.9085191463430723
2024-12-12 00:09:55.800 | INFO     | __main__:log_and_logger:136 - mean_train_loss: 0.06737811863422394
2024-12-12 00:10:27.967 | INFO     | __main__:log_and_logger:136 - mean_train_loss: 0.06514675170183182
2024-12-12 00:11:00.034 | INFO     | __main__:log_and_logger:136 - mean_train_loss: 0.06740761548280716
2024-12-12 00:11:32.095 | INFO     | __main__:log_and_logger:136 - mean_train_loss: 0.05181588605046272
2024-12-12 00:12:04.568 | INFO     | __main__:log_and_logger:136 - mean_train_loss: 0.0643550232052803
2024-12-12 00:12:49.470 | INFO     | __main__:log_and_logger:136 - val_mean_dice: 0.9097495103875796
2024-12-12 00:12:51.357 | INFO     | __main__:log_and_logger:136 - mean_train_loss: 0.05940200760960579
2024-12-12 00:13:23.516 | INFO     | __main__:log_and_logger:136 - mean_train_loss: 0.054311491549015045
2024-12-12 00:13:55.599 | INFO     | __main__:log_and_logger:136 - mean_train_loss: 0.05332770198583603
2024-12-12 00:14:27.873 | INFO     | __main__:log_and_logger:136 - mean_train_loss: 0.05837064981460571
2024-12-12 00:14:59.757 | INFO     | __main__:log_and_logger:136 - mean_train_loss: 0.06485339999198914
2024-12-12 00:15:44.789 | INFO     | __main__:log_and_logger:136 - val_mean_dice: 0.9158698504169781
2024-12-12 00:15:48.531 | INFO     | __main__:log_and_logger:136 - mean_train_loss: 0.050217155367136
2024-12-12 00:16:21.117 | INFO     | __main__:log_and_logger:136 - mean_train_loss: 0.056187164038419724
2024-12-12 00:16:53.278 | INFO     | __main__:log_and_logger:136 - mean_train_loss: 0.053845588117837906
2024-12-12 00:17:25.401 | INFO     | __main__:log_and_logger:136 - mean_train_loss: 0.06703250110149384
2024-12-12 00:17:57.228 | INFO     | __main__:log_and_logger:136 - mean_train_loss: 0.06026069447398186
2024-12-12 00:18:42.537 | INFO     | __main__:log_and_logger:136 - val_mean_dice: 0.9107071836789449
2024-12-12 00:18:44.483 | INFO     | __main__:log_and_logger:136 - mean_train_loss: 0.05593673139810562
2024-12-12 00:19:16.702 | INFO     | __main__:log_and_logger:136 - mean_train_loss: 0.05453670397400856
2024-12-12 00:19:48.488 | INFO     | __main__:log_and_logger:136 - mean_train_loss: 0.06319700181484222
2024-12-12 00:20:20.841 | INFO     | __main__:log_and_logger:136 - mean_train_loss: 0.05663840100169182
2024-12-12 00:20:53.442 | INFO     | __main__:log_and_logger:136 - mean_train_loss: 0.05563298240303993
2024-12-12 00:21:39.263 | INFO     | __main__:log_and_logger:136 - val_mean_dice: 0.9153330385684967
2024-12-12 00:21:41.282 | INFO     | __main__:log_and_logger:136 - mean_train_loss: 0.06034993380308151
2024-12-12 00:22:13.090 | INFO     | __main__:log_and_logger:136 - mean_train_loss: 0.05289919674396515
2024-12-12 00:22:45.127 | INFO     | __main__:log_and_logger:136 - mean_train_loss: 0.05577624589204788
2024-12-12 00:23:17.080 | INFO     | __main__:log_and_logger:136 - mean_train_loss: 0.06201772391796112
2024-12-12 00:23:48.987 | INFO     | __main__:log_and_logger:136 - mean_train_loss: 0.05282917991280556
2024-12-12 00:24:34.419 | INFO     | __main__:log_and_logger:136 - val_mean_dice: 0.914031312863032
2024-12-12 00:24:36.359 | INFO     | __main__:log_and_logger:136 - mean_train_loss: 0.060655705630779266
2024-12-12 00:25:07.967 | INFO     | __main__:log_and_logger:136 - mean_train_loss: 0.058971092104911804
2024-12-12 00:25:40.059 | INFO     | __main__:log_and_logger:136 - mean_train_loss: 0.055311527103185654
2024-12-12 00:26:11.830 | INFO     | __main__:log_and_logger:136 - mean_train_loss: 0.05893706902861595
2024-12-12 00:26:43.716 | INFO     | __main__:log_and_logger:136 - mean_train_loss: 0.0533829890191555
2024-12-12 00:27:29.522 | INFO     | __main__:log_and_logger:136 - val_mean_dice: 0.9109672705332438
2024-12-12 00:27:31.487 | INFO     | __main__:log_and_logger:136 - mean_train_loss: 0.05708864703774452
2024-12-12 00:28:03.421 | INFO     | __main__:log_and_logger:136 - mean_train_loss: 0.050161659717559814
2024-12-12 00:28:35.256 | INFO     | __main__:log_and_logger:136 - mean_train_loss: 0.057687629014253616
2024-12-12 00:29:07.264 | INFO     | __main__:log_and_logger:136 - mean_train_loss: 0.05553007125854492
2024-12-12 00:29:39.487 | INFO     | __main__:log_and_logger:136 - mean_train_loss: 0.05430402606725693
2024-12-12 00:30:25.435 | INFO     | __main__:log_and_logger:136 - val_mean_dice: 0.9144367357095082
2024-12-12 00:30:27.385 | INFO     | __main__:log_and_logger:136 - mean_train_loss: 0.05124177038669586
2024-12-12 00:30:59.013 | INFO     | __main__:log_and_logger:136 - mean_train_loss: 0.05350406467914581
2024-12-12 00:31:31.021 | INFO     | __main__:log_and_logger:136 - mean_train_loss: 0.051089826971292496
2024-12-12 00:32:03.098 | INFO     | __main__:log_and_logger:136 - mean_train_loss: 0.056069158017635345
2024-12-12 00:32:35.365 | INFO     | __main__:log_and_logger:136 - mean_train_loss: 0.06057056039571762
2024-12-12 00:33:20.973 | INFO     | __main__:log_and_logger:136 - val_mean_dice: 0.9138401066263517
2024-12-12 00:33:22.928 | INFO     | __main__:log_and_logger:136 - mean_train_loss: 0.06267593055963516
2024-12-12 00:33:54.856 | INFO     | __main__:log_and_logger:136 - mean_train_loss: 0.05296817421913147
2024-12-12 00:34:26.742 | INFO     | __main__:log_and_logger:136 - mean_train_loss: 0.05163250491023064
2024-12-12 00:34:58.758 | INFO     | __main__:log_and_logger:136 - mean_train_loss: 0.05577704310417175
2024-12-12 00:35:30.816 | INFO     | __main__:log_and_logger:136 - mean_train_loss: 0.0528164878487587
2024-12-12 00:36:16.161 | INFO     | __main__:log_and_logger:136 - val_mean_dice: 0.9200967813531559
2024-12-12 00:36:19.795 | INFO     | __main__:log_and_logger:136 - mean_train_loss: 0.056004200130701065
2024-12-12 00:36:51.783 | INFO     | __main__:log_and_logger:136 - mean_train_loss: 0.05441126227378845
2024-12-12 00:37:23.408 | INFO     | __main__:log_and_logger:136 - mean_train_loss: 0.05113131180405617
2024-12-12 00:37:55.623 | INFO     | __main__:log_and_logger:136 - mean_train_loss: 0.055585671216249466
2024-12-12 00:38:27.345 | INFO     | __main__:log_and_logger:136 - mean_train_loss: 0.0515521876513958
2024-12-12 00:39:12.332 | INFO     | __main__:log_and_logger:136 - val_mean_dice: 0.9136688575148583
2024-12-12 00:39:14.303 | INFO     | __main__:log_and_logger:136 - mean_train_loss: 0.04972781240940094
2024-12-12 00:39:46.552 | INFO     | __main__:log_and_logger:136 - mean_train_loss: 0.05349043756723404
2024-12-12 00:40:18.802 | INFO     | __main__:log_and_logger:136 - mean_train_loss: 0.04443478211760521
2024-12-12 00:40:50.522 | INFO     | __main__:log_and_logger:136 - mean_train_loss: 0.04925290495157242
2024-12-12 00:41:22.536 | INFO     | __main__:log_and_logger:136 - mean_train_loss: 0.049066465348005295
2024-12-12 00:42:07.974 | INFO     | __main__:log_and_logger:136 - val_mean_dice: 0.9154721851150195
2024-12-12 00:42:09.909 | INFO     | __main__:log_and_logger:136 - mean_train_loss: 0.051250070333480835
2024-12-12 00:42:41.837 | INFO     | __main__:log_and_logger:136 - mean_train_loss: 0.052750829607248306
2024-12-12 00:43:14.032 | INFO     | __main__:log_and_logger:136 - mean_train_loss: 0.0481492318212986
2024-12-12 00:43:45.854 | INFO     | __main__:log_and_logger:136 - mean_train_loss: 0.05136915668845177
2024-12-12 00:44:17.784 | INFO     | __main__:log_and_logger:136 - mean_train_loss: 0.048872265964746475
2024-12-12 00:45:02.912 | INFO     | __main__:log_and_logger:136 - val_mean_dice: 0.9128563970327376
2024-12-12 00:45:04.803 | INFO     | __main__:log_and_logger:136 - mean_train_loss: 0.05107664316892624
2024-12-12 00:45:36.669 | INFO     | __main__:log_and_logger:136 - mean_train_loss: 0.05196031555533409
2024-12-12 00:46:08.653 | INFO     | __main__:log_and_logger:136 - mean_train_loss: 0.05664411932229996
2024-12-12 00:46:40.907 | INFO     | __main__:log_and_logger:136 - mean_train_loss: 0.046714313328266144
2024-12-12 00:47:12.955 | INFO     | __main__:log_and_logger:136 - mean_train_loss: 0.051170412451028824
2024-12-12 00:47:58.320 | INFO     | __main__:log_and_logger:136 - val_mean_dice: 0.9216509163379669
2024-12-12 00:48:01.684 | INFO     | __main__:log_and_logger:136 - mean_train_loss: 0.0468287467956543
2024-12-12 00:48:33.615 | INFO     | __main__:log_and_logger:136 - mean_train_loss: 0.050698231905698776
2024-12-12 00:49:05.375 | INFO     | __main__:log_and_logger:136 - mean_train_loss: 0.05164310336112976
2024-12-12 00:49:37.492 | INFO     | __main__:log_and_logger:136 - mean_train_loss: 0.051280103623867035
2024-12-12 00:50:09.460 | INFO     | __main__:log_and_logger:136 - mean_train_loss: 0.04868163913488388
2024-12-12 00:50:55.379 | INFO     | __main__:log_and_logger:136 - val_mean_dice: 0.9175224592288335
2024-12-12 00:50:57.453 | INFO     | __main__:log_and_logger:136 - mean_train_loss: 0.04942619428038597
2024-12-12 00:51:29.068 | INFO     | __main__:log_and_logger:136 - mean_train_loss: 0.051160238683223724
2024-12-12 00:52:01.065 | INFO     | __main__:log_and_logger:136 - mean_train_loss: 0.057213667780160904
2024-12-12 00:52:33.523 | INFO     | __main__:log_and_logger:136 - mean_train_loss: 0.05437310412526131
2024-12-12 00:53:05.074 | INFO     | __main__:log_and_logger:136 - mean_train_loss: 0.04377434775233269
2024-12-12 00:53:50.068 | INFO     | __main__:log_and_logger:136 - val_mean_dice: 0.9207916408777237
2024-12-12 00:53:51.756 | INFO     | __main__:log_and_logger:136 - mean_train_loss: 0.04681038111448288
2024-12-12 00:54:23.716 | INFO     | __main__:log_and_logger:136 - mean_train_loss: 0.044980164617300034
2024-12-12 00:54:55.762 | INFO     | __main__:log_and_logger:136 - mean_train_loss: 0.044691141694784164
2024-12-12 00:55:27.491 | INFO     | __main__:log_and_logger:136 - mean_train_loss: 0.054822228848934174
2024-12-12 00:55:59.338 | INFO     | __main__:log_and_logger:136 - mean_train_loss: 0.051058974117040634
2024-12-12 00:56:44.353 | INFO     | __main__:log_and_logger:136 - val_mean_dice: 0.9235082969069482
2024-12-12 00:56:48.096 | INFO     | __main__:log_and_logger:136 - mean_train_loss: 0.049253880977630615
2024-12-12 00:57:20.036 | INFO     | __main__:log_and_logger:136 - mean_train_loss: 0.054257653653621674
2024-12-12 00:57:51.975 | INFO     | __main__:log_and_logger:136 - mean_train_loss: 0.04339342564344406
2024-12-12 00:58:23.846 | INFO     | __main__:log_and_logger:136 - mean_train_loss: 0.04674198478460312
2024-12-12 00:58:55.747 | INFO     | __main__:log_and_logger:136 - mean_train_loss: 0.046066850423812866
2024-12-12 00:59:41.042 | INFO     | __main__:log_and_logger:136 - val_mean_dice: 0.9216871922214827
2024-12-12 00:59:43.106 | INFO     | __main__:log_and_logger:136 - mean_train_loss: 0.053046297281980515
2024-12-12 01:00:14.774 | INFO     | __main__:log_and_logger:136 - mean_train_loss: 0.052760183811187744
2024-12-12 01:00:46.715 | INFO     | __main__:log_and_logger:136 - mean_train_loss: 0.05536213517189026
2024-12-12 01:01:19.021 | INFO     | __main__:log_and_logger:136 - mean_train_loss: 0.05426506698131561
2024-12-12 01:01:50.956 | INFO     | __main__:log_and_logger:136 - mean_train_loss: 0.052417006343603134
2024-12-12 01:02:36.470 | INFO     | __main__:log_and_logger:136 - val_mean_dice: 0.9207046970725058
2024-12-12 01:02:38.569 | INFO     | __main__:log_and_logger:136 - mean_train_loss: 0.048967864364385605
2024-12-12 01:03:10.522 | INFO     | __main__:log_and_logger:136 - mean_train_loss: 0.043205149471759796
2024-12-12 01:03:42.278 | INFO     | __main__:log_and_logger:136 - mean_train_loss: 0.049429114907979965
2024-12-12 01:04:14.581 | INFO     | __main__:log_and_logger:136 - mean_train_loss: 0.050496216863393784
2024-12-12 01:04:46.959 | INFO     | __main__:log_and_logger:136 - mean_train_loss: 0.0542367622256279
2024-12-12 01:05:31.578 | INFO     | __main__:log_and_logger:136 - val_mean_dice: 0.9219768782456716
2024-12-12 01:05:33.580 | INFO     | __main__:log_and_logger:136 - mean_train_loss: 0.047329504042863846
2024-12-12 01:06:05.302 | INFO     | __main__:log_and_logger:136 - mean_train_loss: 0.053388625383377075
2024-12-12 01:06:37.486 | INFO     | __main__:log_and_logger:136 - mean_train_loss: 0.046804029494524
2024-12-12 01:07:09.815 | INFO     | __main__:log_and_logger:136 - mean_train_loss: 0.05231600999832153
2024-12-12 01:07:42.450 | INFO     | __main__:log_and_logger:136 - mean_train_loss: 0.04820757731795311
2024-12-12 01:08:27.724 | INFO     | __main__:log_and_logger:136 - val_mean_dice: 0.9191076358159384
2024-12-12 01:08:29.786 | INFO     | __main__:log_and_logger:136 - mean_train_loss: 0.046845074743032455
2024-12-12 01:09:01.676 | INFO     | __main__:log_and_logger:136 - mean_train_loss: 0.04744797572493553
2024-12-12 01:09:33.559 | INFO     | __main__:log_and_logger:136 - mean_train_loss: 0.04225059971213341
2024-12-12 01:10:05.685 | INFO     | __main__:log_and_logger:136 - mean_train_loss: 0.04693211615085602
2024-12-12 01:10:37.779 | INFO     | __main__:log_and_logger:136 - mean_train_loss: 0.0464964397251606
2024-12-12 01:11:23.822 | INFO     | __main__:log_and_logger:136 - val_mean_dice: 0.9147577454646428
2024-12-12 01:11:25.928 | INFO     | __main__:log_and_logger:136 - mean_train_loss: 0.049272701144218445
2024-12-12 01:11:58.334 | INFO     | __main__:log_and_logger:136 - mean_train_loss: 0.046334389597177505
2024-12-12 01:12:30.580 | INFO     | __main__:log_and_logger:136 - mean_train_loss: 0.04260338842868805
2024-12-12 01:13:03.175 | INFO     | __main__:log_and_logger:136 - mean_train_loss: 0.04661158472299576
2024-12-12 01:13:35.497 | INFO     | __main__:log_and_logger:136 - mean_train_loss: 0.052049420773983
2024-12-12 01:14:20.939 | INFO     | __main__:log_and_logger:136 - val_mean_dice: 0.9192678342262903
2024-12-12 01:14:23.019 | INFO     | __main__:log_and_logger:136 - mean_train_loss: 0.04351269081234932
2024-12-12 01:14:55.010 | INFO     | __main__:log_and_logger:136 - mean_train_loss: 0.04530247673392296
2024-12-12 01:15:26.894 | INFO     | __main__:log_and_logger:136 - mean_train_loss: 0.048176731914281845
2024-12-12 01:15:58.904 | INFO     | __main__:log_and_logger:136 - mean_train_loss: 0.04310264438390732
2024-12-12 01:16:30.683 | INFO     | __main__:log_and_logger:136 - mean_train_loss: 0.04656102508306503
2024-12-12 01:17:16.539 | INFO     | __main__:log_and_logger:136 - val_mean_dice: 0.9220280269781749
2024-12-12 01:17:18.594 | INFO     | __main__:log_and_logger:136 - mean_train_loss: 0.04581711068749428
2024-12-12 01:17:50.475 | INFO     | __main__:log_and_logger:136 - mean_train_loss: 0.04836351051926613
2024-12-12 01:18:22.415 | INFO     | __main__:log_and_logger:136 - mean_train_loss: 0.04395747184753418
2024-12-12 01:18:54.116 | INFO     | __main__:log_and_logger:136 - mean_train_loss: 0.04509086534380913
2024-12-12 01:19:25.923 | INFO     | __main__:log_and_logger:136 - mean_train_loss: 0.048475317656993866
2024-12-12 01:20:10.474 | INFO     | __main__:log_and_logger:136 - val_mean_dice: 0.9203696236014366
2024-12-12 01:20:12.466 | INFO     | __main__:log_and_logger:136 - mean_train_loss: 0.04759233072400093
2024-12-12 01:20:44.451 | INFO     | __main__:log_and_logger:136 - mean_train_loss: 0.04172472655773163
2024-12-12 01:21:16.406 | INFO     | __main__:log_and_logger:136 - mean_train_loss: 0.04398716986179352
2024-12-12 01:21:48.307 | INFO     | __main__:log_and_logger:136 - mean_train_loss: 0.04061465337872505
2024-12-12 01:22:20.082 | INFO     | __main__:log_and_logger:136 - mean_train_loss: 0.04923200234770775
2024-12-12 01:23:04.931 | INFO     | __main__:log_and_logger:136 - val_mean_dice: 0.919990616540114
2024-12-12 01:23:06.903 | INFO     | __main__:log_and_logger:136 - mean_train_loss: 0.043494388461112976
2024-12-12 01:23:39.253 | INFO     | __main__:log_and_logger:136 - mean_train_loss: 0.04496065899729729
2024-12-12 01:24:10.876 | INFO     | __main__:log_and_logger:136 - mean_train_loss: 0.04480816051363945
2024-12-12 01:24:42.965 | INFO     | __main__:log_and_logger:136 - mean_train_loss: 0.04608585312962532
2024-12-12 01:25:14.732 | INFO     | __main__:log_and_logger:136 - mean_train_loss: 0.041597023606300354
2024-12-12 01:25:59.551 | INFO     | __main__:log_and_logger:136 - val_mean_dice: 0.9156889244914055
2024-12-12 01:26:01.530 | INFO     | __main__:log_and_logger:136 - mean_train_loss: 0.045898329466581345
2024-12-12 01:26:33.324 | INFO     | __main__:log_and_logger:136 - mean_train_loss: 0.04505100101232529
2024-12-12 01:27:05.565 | INFO     | __main__:log_and_logger:136 - mean_train_loss: 0.04377943277359009
2024-12-12 01:27:37.877 | INFO     | __main__:log_and_logger:136 - mean_train_loss: 0.04368080571293831
2024-12-12 01:28:09.831 | INFO     | __main__:log_and_logger:136 - mean_train_loss: 0.0452752485871315
2024-12-12 01:28:54.438 | INFO     | __main__:log_and_logger:136 - val_mean_dice: 0.9234230692187945
2024-12-12 01:28:56.379 | INFO     | __main__:log_and_logger:136 - mean_train_loss: 0.0400792695581913
2024-12-12 01:29:28.160 | INFO     | __main__:log_and_logger:136 - mean_train_loss: 0.04477289319038391
2024-12-12 01:30:00.263 | INFO     | __main__:log_and_logger:136 - mean_train_loss: 0.04653990641236305
2024-12-12 01:30:32.436 | INFO     | __main__:log_and_logger:136 - mean_train_loss: 0.048163749277591705
2024-12-12 01:31:04.890 | INFO     | __main__:log_and_logger:136 - mean_train_loss: 0.04114746302366257
2024-12-12 01:31:50.111 | INFO     | __main__:log_and_logger:136 - val_mean_dice: 0.9236398150523503
2024-12-12 01:31:54.390 | INFO     | __main__:log_and_logger:136 - mean_train_loss: 0.04279908537864685
2024-12-12 01:32:26.029 | INFO     | __main__:log_and_logger:136 - mean_train_loss: 0.0363241471350193
2024-12-12 01:32:57.935 | INFO     | __main__:log_and_logger:136 - mean_train_loss: 0.039184991270303726
2024-12-12 01:33:30.017 | INFO     | __main__:log_and_logger:136 - mean_train_loss: 0.04213128238916397
2024-12-12 01:34:01.883 | INFO     | __main__:log_and_logger:136 - mean_train_loss: 0.046214502304792404
2024-12-12 01:34:46.957 | INFO     | __main__:log_and_logger:136 - val_mean_dice: 0.9220952952901523
2024-12-12 01:34:48.992 | INFO     | __main__:log_and_logger:136 - mean_train_loss: 0.0415494330227375
2024-12-12 01:35:20.529 | INFO     | __main__:log_and_logger:136 - mean_train_loss: 0.04278440400958061
2024-12-12 01:35:52.641 | INFO     | __main__:log_and_logger:136 - mean_train_loss: 0.045066896826028824
2024-12-12 01:36:24.443 | INFO     | __main__:log_and_logger:136 - mean_train_loss: 0.04489819332957268
2024-12-12 01:36:56.363 | INFO     | __main__:log_and_logger:136 - mean_train_loss: 0.0468071810901165
2024-12-12 01:37:41.767 | INFO     | __main__:log_and_logger:136 - val_mean_dice: 0.9223593696951866
2024-12-12 01:37:43.761 | INFO     | __main__:log_and_logger:136 - mean_train_loss: 0.04009901359677315
2024-12-12 01:38:15.582 | INFO     | __main__:log_and_logger:136 - mean_train_loss: 0.044788908213377
2024-12-12 01:38:47.367 | INFO     | __main__:log_and_logger:136 - mean_train_loss: 0.03782448172569275
2024-12-12 01:39:19.472 | INFO     | __main__:log_and_logger:136 - mean_train_loss: 0.03980247303843498
2024-12-12 01:39:51.238 | INFO     | __main__:log_and_logger:136 - mean_train_loss: 0.04572160542011261
2024-12-12 01:40:36.698 | INFO     | __main__:log_and_logger:136 - val_mean_dice: 0.9230819135904312
2024-12-12 01:40:38.719 | INFO     | __main__:log_and_logger:136 - mean_train_loss: 0.04046943783760071
2024-12-12 01:41:10.600 | INFO     | __main__:log_and_logger:136 - mean_train_loss: 0.040271736681461334
2024-12-12 01:41:42.733 | INFO     | __main__:log_and_logger:136 - mean_train_loss: 0.04184151068329811
2024-12-12 01:42:14.768 | INFO     | __main__:log_and_logger:136 - mean_train_loss: 0.04617738351225853
2024-12-12 01:42:47.021 | INFO     | __main__:log_and_logger:136 - mean_train_loss: 0.03890472277998924
2024-12-12 01:43:33.082 | INFO     | __main__:log_and_logger:136 - val_mean_dice: 0.9236253927151362
2024-12-12 01:43:35.208 | INFO     | __main__:log_and_logger:136 - mean_train_loss: 0.05170448124408722
2024-12-12 01:44:06.852 | INFO     | __main__:log_and_logger:136 - mean_train_loss: 0.04582439363002777
2024-12-12 01:44:38.947 | INFO     | __main__:log_and_logger:136 - mean_train_loss: 0.04032129421830177
2024-12-12 01:45:10.916 | INFO     | __main__:log_and_logger:136 - mean_train_loss: 0.04030466079711914
2024-12-12 01:45:42.696 | INFO     | __main__:log_and_logger:136 - mean_train_loss: 0.042553432285785675
2024-12-12 01:46:28.565 | INFO     | __main__:log_and_logger:136 - val_mean_dice: 0.9215411881605785
2024-12-12 01:46:30.653 | INFO     | __main__:log_and_logger:136 - mean_train_loss: 0.042469676584005356
2024-12-12 01:47:02.555 | INFO     | __main__:log_and_logger:136 - mean_train_loss: 0.04323791712522507
2024-12-12 01:47:34.027 | INFO     | __main__:log_and_logger:136 - mean_train_loss: 0.0387469045817852
2024-12-12 01:48:06.184 | INFO     | __main__:log_and_logger:136 - mean_train_loss: 0.04302944615483284
2024-12-12 01:48:38.087 | INFO     | __main__:log_and_logger:136 - mean_train_loss: 0.04063380882143974
2024-12-12 01:49:23.826 | INFO     | __main__:log_and_logger:136 - val_mean_dice: 0.9253032262126605
2024-12-12 01:49:27.515 | INFO     | __main__:log_and_logger:136 - mean_train_loss: 0.043402161449193954
2024-12-12 01:49:59.019 | INFO     | __main__:log_and_logger:136 - mean_train_loss: 0.04223203286528587
2024-12-12 01:50:31.238 | INFO     | __main__:log_and_logger:136 - mean_train_loss: 0.04429249465465546
2024-12-12 01:51:03.302 | INFO     | __main__:log_and_logger:136 - mean_train_loss: 0.04625743627548218
2024-12-12 01:51:35.438 | INFO     | __main__:log_and_logger:136 - mean_train_loss: 0.04239767789840698
2024-12-12 01:52:21.506 | INFO     | __main__:log_and_logger:136 - val_mean_dice: 0.9231876666347185
2024-12-12 01:52:23.592 | INFO     | __main__:log_and_logger:136 - mean_train_loss: 0.04041872173547745
2024-12-12 01:52:55.785 | INFO     | __main__:log_and_logger:136 - mean_train_loss: 0.04095650464296341
2024-12-12 01:53:27.763 | INFO     | __main__:log_and_logger:136 - mean_train_loss: 0.04382675886154175
2024-12-12 01:53:59.385 | INFO     | __main__:log_and_logger:136 - mean_train_loss: 0.041827354580163956
2024-12-12 01:54:31.735 | INFO     | __main__:log_and_logger:136 - mean_train_loss: 0.03652166575193405
2024-12-12 01:55:16.714 | INFO     | __main__:log_and_logger:136 - val_mean_dice: 0.9254003524780273
2024-12-12 01:55:20.529 | INFO     | __main__:log_and_logger:136 - mean_train_loss: 0.04529057815670967
2024-12-12 01:55:52.659 | INFO     | __main__:log_and_logger:136 - mean_train_loss: 0.04672446846961975
2024-12-12 01:56:24.619 | INFO     | __main__:log_and_logger:136 - mean_train_loss: 0.0440233051776886
2024-12-12 01:56:56.680 | INFO     | __main__:log_and_logger:136 - mean_train_loss: 0.0450315847992897
2024-12-12 01:57:28.695 | INFO     | __main__:log_and_logger:136 - mean_train_loss: 0.04009212926030159
2024-12-12 01:58:14.280 | INFO     | __main__:log_and_logger:136 - val_mean_dice: 0.9267824118336042
2024-12-12 01:58:17.920 | INFO     | __main__:log_and_logger:136 - mean_train_loss: 0.03960757330060005
2024-12-12 01:58:49.593 | INFO     | __main__:log_and_logger:136 - mean_train_loss: 0.03675556555390358
2024-12-12 01:59:21.844 | INFO     | __main__:log_and_logger:136 - mean_train_loss: 0.0479838028550148
2024-12-12 01:59:53.672 | INFO     | __main__:log_and_logger:136 - mean_train_loss: 0.04101784527301788
2024-12-12 02:00:26.035 | INFO     | __main__:log_and_logger:136 - mean_train_loss: 0.03817380219697952
2024-12-12 02:01:10.948 | INFO     | __main__:log_and_logger:136 - val_mean_dice: 0.9278523986538252
2024-12-12 02:01:14.667 | INFO     | __main__:log_and_logger:136 - mean_train_loss: 0.04099427908658981
2024-12-12 02:01:46.494 | INFO     | __main__:log_and_logger:136 - mean_train_loss: 0.038806263357400894
2024-12-12 02:02:18.537 | INFO     | __main__:log_and_logger:136 - mean_train_loss: 0.04258299618959427
2024-12-12 02:02:50.313 | INFO     | __main__:log_and_logger:136 - mean_train_loss: 0.0410131961107254
2024-12-12 02:03:22.247 | INFO     | __main__:log_and_logger:136 - mean_train_loss: 0.04100577160716057
2024-12-12 02:04:07.686 | INFO     | __main__:log_and_logger:136 - val_mean_dice: 0.925050084789594
2024-12-12 02:04:09.719 | INFO     | __main__:log_and_logger:136 - mean_train_loss: 0.04130835086107254
2024-12-12 02:04:41.625 | INFO     | __main__:log_and_logger:136 - mean_train_loss: 0.03919907659292221
2024-12-12 02:05:13.578 | INFO     | __main__:log_and_logger:136 - mean_train_loss: 0.04244961217045784
2024-12-12 02:05:45.452 | INFO     | __main__:log_and_logger:136 - mean_train_loss: 0.03772047907114029
2024-12-12 02:06:17.709 | INFO     | __main__:log_and_logger:136 - mean_train_loss: 0.04425965994596481
2024-12-12 02:07:03.113 | INFO     | __main__:log_and_logger:136 - val_mean_dice: 0.9239206845561663
2024-12-12 02:07:05.255 | INFO     | __main__:log_and_logger:136 - mean_train_loss: 0.04226997494697571
2024-12-12 02:07:37.196 | INFO     | __main__:log_and_logger:136 - mean_train_loss: 0.042691782116889954
2024-12-12 02:08:09.064 | INFO     | __main__:log_and_logger:136 - mean_train_loss: 0.035899728536605835
2024-12-12 02:08:41.256 | INFO     | __main__:log_and_logger:136 - mean_train_loss: 0.0379905067384243
2024-12-12 02:09:13.302 | INFO     | __main__:log_and_logger:136 - mean_train_loss: 0.040629543364048004
2024-12-12 02:09:58.775 | INFO     | __main__:log_and_logger:136 - val_mean_dice: 0.9244507546226183
2024-12-12 02:10:00.826 | INFO     | __main__:log_and_logger:136 - mean_train_loss: 0.03974663093686104
2024-12-12 02:10:32.887 | INFO     | __main__:log_and_logger:136 - mean_train_loss: 0.03795082867145538
2024-12-12 02:11:04.496 | INFO     | __main__:log_and_logger:136 - mean_train_loss: 0.0425574965775013
2024-12-12 02:11:36.247 | INFO     | __main__:log_and_logger:136 - mean_train_loss: 0.03856467455625534
2024-12-12 02:12:08.176 | INFO     | __main__:log_and_logger:136 - mean_train_loss: 0.04314775764942169
2024-12-12 02:12:53.034 | INFO     | __main__:log_and_logger:136 - val_mean_dice: 0.9259987811247509
2024-12-12 02:12:55.061 | INFO     | __main__:log_and_logger:136 - mean_train_loss: 0.040506407618522644
2024-12-12 02:13:27.133 | INFO     | __main__:log_and_logger:136 - mean_train_loss: 0.03734897822141647
2024-12-12 02:13:59.451 | INFO     | __main__:log_and_logger:136 - mean_train_loss: 0.04407886415719986
2024-12-12 02:14:31.308 | INFO     | __main__:log_and_logger:136 - mean_train_loss: 0.04174353554844856
2024-12-12 02:15:02.943 | INFO     | __main__:log_and_logger:136 - mean_train_loss: 0.04085288196802139
2024-12-12 02:15:48.096 | INFO     | __main__:log_and_logger:136 - val_mean_dice: 0.9258325825134913
2024-12-12 02:15:50.226 | INFO     | __main__:log_and_logger:136 - mean_train_loss: 0.03819635882973671
2024-12-12 02:16:22.255 | INFO     | __main__:log_and_logger:136 - mean_train_loss: 0.04063116014003754
2024-12-12 02:16:54.088 | INFO     | __main__:log_and_logger:136 - mean_train_loss: 0.043077677488327026
2024-12-12 02:17:26.548 | INFO     | __main__:log_and_logger:136 - mean_train_loss: 0.03871263936161995
2024-12-12 02:17:58.996 | INFO     | __main__:log_and_logger:136 - mean_train_loss: 0.04034779220819473
2024-12-12 02:18:44.077 | INFO     | __main__:log_and_logger:136 - val_mean_dice: 0.9237671350439389
2024-12-12 02:18:46.155 | INFO     | __main__:log_and_logger:136 - mean_train_loss: 0.03989168629050255
2024-12-12 02:19:17.994 | INFO     | __main__:log_and_logger:136 - mean_train_loss: 0.040109217166900635
2024-12-12 02:19:49.840 | INFO     | __main__:log_and_logger:136 - mean_train_loss: 0.040262699127197266
2024-12-12 02:20:21.921 | INFO     | __main__:log_and_logger:136 - mean_train_loss: 0.036379020661115646
2024-12-12 02:20:54.176 | INFO     | __main__:log_and_logger:136 - mean_train_loss: 0.043829649686813354
2024-12-12 02:21:39.192 | INFO     | __main__:log_and_logger:136 - val_mean_dice: 0.9247691715757053
2024-12-12 02:21:41.315 | INFO     | __main__:log_and_logger:136 - mean_train_loss: 0.04137715324759483
2024-12-12 02:22:13.947 | INFO     | __main__:log_and_logger:136 - mean_train_loss: 0.038059722632169724
2024-12-12 02:22:46.410 | INFO     | __main__:log_and_logger:136 - mean_train_loss: 0.039090968668460846
2024-12-12 02:23:18.455 | INFO     | __main__:log_and_logger:136 - mean_train_loss: 0.03717274218797684
2024-12-12 02:23:51.071 | INFO     | __main__:log_and_logger:136 - mean_train_loss: 0.0381147600710392
2024-12-12 02:24:36.693 | INFO     | __main__:log_and_logger:136 - val_mean_dice: 0.9234538286924362
2024-12-12 02:24:39.031 | INFO     | __main__:log_and_logger:136 - mean_train_loss: 0.03987705335021019
2024-12-12 02:25:10.769 | INFO     | __main__:log_and_logger:136 - mean_train_loss: 0.03767191991209984
2024-12-12 02:25:42.970 | INFO     | __main__:log_and_logger:136 - mean_train_loss: 0.03606753423810005
2024-12-12 02:26:15.069 | INFO     | __main__:log_and_logger:136 - mean_train_loss: 0.04004787653684616
2024-12-12 02:26:46.951 | INFO     | __main__:log_and_logger:136 - mean_train_loss: 0.03922285512089729
2024-12-12 02:27:31.449 | INFO     | __main__:log_and_logger:136 - val_mean_dice: 0.9251617357134819
2024-12-12 02:27:33.799 | INFO     | __main__:log_and_logger:136 - mean_train_loss: 0.03511866554617882
2024-12-12 02:28:05.626 | INFO     | __main__:log_and_logger:136 - mean_train_loss: 0.04137314110994339
2024-12-12 02:28:37.721 | INFO     | __main__:log_and_logger:136 - mean_train_loss: 0.038059234619140625
2024-12-12 02:29:09.685 | INFO     | __main__:log_and_logger:136 - mean_train_loss: 0.03689577803015709
2024-12-12 02:29:41.727 | INFO     | __main__:log_and_logger:136 - mean_train_loss: 0.039830032736063004
2024-12-12 02:30:27.628 | INFO     | __main__:log_and_logger:136 - val_mean_dice: 0.926063617070516
2024-12-12 02:30:29.669 | INFO     | __main__:log_and_logger:136 - mean_train_loss: 0.03416205942630768
2024-12-12 02:31:01.454 | INFO     | __main__:log_and_logger:136 - mean_train_loss: 0.03844941779971123
2024-12-12 02:31:34.076 | INFO     | __main__:log_and_logger:136 - mean_train_loss: 0.03639686480164528
2024-12-12 02:32:06.223 | INFO     | __main__:log_and_logger:136 - mean_train_loss: 0.03844066709280014
2024-12-12 02:32:38.129 | INFO     | __main__:log_and_logger:136 - mean_train_loss: 0.036813583225011826
2024-12-12 02:33:23.345 | INFO     | __main__:log_and_logger:136 - val_mean_dice: 0.9228176191449164
2024-12-12 02:33:25.541 | INFO     | __main__:log_and_logger:136 - mean_train_loss: 0.03995071351528168
2024-12-12 02:33:57.172 | INFO     | __main__:log_and_logger:136 - mean_train_loss: 0.037109218537807465
2024-12-12 02:34:29.110 | INFO     | __main__:log_and_logger:136 - mean_train_loss: 0.03996703401207924
2024-12-12 02:35:01.075 | INFO     | __main__:log_and_logger:136 - mean_train_loss: 0.04294903203845024
2024-12-12 02:35:33.345 | INFO     | __main__:log_and_logger:136 - mean_train_loss: 0.03922932222485542
2024-12-12 02:36:18.142 | INFO     | __main__:log_and_logger:136 - val_mean_dice: 0.92471724798282
2024-12-12 02:36:20.127 | INFO     | __main__:log_and_logger:136 - mean_train_loss: 0.04265419766306877
2024-12-12 02:36:52.354 | INFO     | __main__:log_and_logger:136 - mean_train_loss: 0.040907010436058044
2024-12-12 02:37:24.153 | INFO     | __main__:log_and_logger:136 - mean_train_loss: 0.035351015627384186
2024-12-12 02:37:56.313 | INFO     | __main__:log_and_logger:136 - mean_train_loss: 0.03540666028857231
2024-12-12 02:38:28.257 | INFO     | __main__:log_and_logger:136 - mean_train_loss: 0.0356060154736042
2024-12-12 02:39:13.461 | INFO     | __main__:log_and_logger:136 - val_mean_dice: 0.9260956133405367
2024-12-12 02:39:15.487 | INFO     | __main__:log_and_logger:136 - mean_train_loss: 0.04037633538246155
2024-12-12 02:39:47.489 | INFO     | __main__:log_and_logger:136 - mean_train_loss: 0.03721769526600838
2024-12-12 02:40:19.411 | INFO     | __main__:log_and_logger:136 - mean_train_loss: 0.03896782547235489
2024-12-12 02:40:51.839 | INFO     | __main__:log_and_logger:136 - mean_train_loss: 0.03563825041055679
2024-12-12 02:41:23.848 | INFO     | __main__:log_and_logger:136 - mean_train_loss: 0.03320038318634033
2024-12-12 02:42:09.452 | INFO     | __main__:log_and_logger:136 - val_mean_dice: 0.9246747886141141
2024-12-12 02:42:11.577 | INFO     | __main__:log_and_logger:136 - mean_train_loss: 0.036990828812122345
2024-12-12 02:42:43.406 | INFO     | __main__:log_and_logger:136 - mean_train_loss: 0.039184100925922394
2024-12-12 02:43:15.492 | INFO     | __main__:log_and_logger:136 - mean_train_loss: 0.03642016276717186
2024-12-12 02:43:47.246 | INFO     | __main__:log_and_logger:136 - mean_train_loss: 0.03933731094002724
2024-12-12 02:44:19.359 | INFO     | __main__:log_and_logger:136 - mean_train_loss: 0.03700580447912216
2024-12-12 02:45:04.855 | INFO     | __main__:log_and_logger:136 - val_mean_dice: 0.9245529343684514
2024-12-12 02:45:06.577 | INFO     | __main__:log_and_logger:136 - mean_train_loss: 0.03835022822022438
2024-12-12 02:45:38.839 | INFO     | __main__:log_and_logger:136 - mean_train_loss: 0.03624062240123749
2024-12-12 02:46:10.691 | INFO     | __main__:log_and_logger:136 - mean_train_loss: 0.03765345364809036
2024-12-12 02:46:42.891 | INFO     | __main__:log_and_logger:136 - mean_train_loss: 0.039268847554922104
2024-12-12 02:47:15.040 | INFO     | __main__:log_and_logger:136 - mean_train_loss: 0.032677311450242996
2024-12-12 02:48:01.503 | INFO     | __main__:log_and_logger:136 - val_mean_dice: 0.925587621331215
2024-12-12 02:48:03.480 | INFO     | __main__:log_and_logger:136 - mean_train_loss: 0.041375815868377686
2024-12-12 02:48:35.750 | INFO     | __main__:log_and_logger:136 - mean_train_loss: 0.04160889610648155
2024-12-12 02:49:07.730 | INFO     | __main__:log_and_logger:136 - mean_train_loss: 0.0381629578769207
2024-12-12 02:49:39.467 | INFO     | __main__:log_and_logger:136 - mean_train_loss: 0.038070935755968094
2024-12-12 02:50:11.628 | INFO     | __main__:log_and_logger:136 - mean_train_loss: 0.035984836518764496
2024-12-12 02:50:56.721 | INFO     | __main__:log_and_logger:136 - val_mean_dice: 0.92608243227005
2024-12-12 02:50:58.751 | INFO     | __main__:log_and_logger:136 - mean_train_loss: 0.034285541623830795
2024-12-12 02:51:30.640 | INFO     | __main__:log_and_logger:136 - mean_train_loss: 0.036543164402246475
2024-12-12 02:52:02.619 | INFO     | __main__:log_and_logger:136 - mean_train_loss: 0.03966590762138367
2024-12-12 02:52:34.517 | INFO     | __main__:log_and_logger:136 - mean_train_loss: 0.0356299914419651
2024-12-12 02:53:06.206 | INFO     | __main__:log_and_logger:136 - mean_train_loss: 0.037737518548965454
2024-12-12 02:53:52.676 | INFO     | __main__:log_and_logger:136 - val_mean_dice: 0.9243691717584928
2024-12-12 02:53:54.838 | INFO     | __main__:log_and_logger:136 - mean_train_loss: 0.03476851433515549
2024-12-12 02:54:26.686 | INFO     | __main__:log_and_logger:136 - mean_train_loss: 0.03680787980556488
2024-12-12 02:54:58.227 | INFO     | __main__:log_and_logger:136 - mean_train_loss: 0.035033054649829865
2024-12-12 02:55:29.953 | INFO     | __main__:log_and_logger:136 - mean_train_loss: 0.03429466858506203
2024-12-12 02:56:02.131 | INFO     | __main__:log_and_logger:136 - mean_train_loss: 0.03529062122106552
2024-12-12 02:56:47.400 | INFO     | __main__:log_and_logger:136 - val_mean_dice: 0.9268387198448181
2024-12-12 02:56:49.465 | INFO     | __main__:log_and_logger:136 - mean_train_loss: 0.0351712591946125
2024-12-12 02:57:21.679 | INFO     | __main__:log_and_logger:136 - mean_train_loss: 0.03699824959039688
2024-12-12 02:57:53.199 | INFO     | __main__:log_and_logger:136 - mean_train_loss: 0.03636918589472771
2024-12-12 02:58:25.158 | INFO     | __main__:log_and_logger:136 - mean_train_loss: 0.03807409852743149
2024-12-12 02:58:57.282 | INFO     | __main__:log_and_logger:136 - mean_train_loss: 0.03556448966264725
2024-12-12 02:59:42.405 | INFO     | __main__:log_and_logger:136 - val_mean_dice: 0.9265746121605237
2024-12-12 02:59:44.494 | INFO     | __main__:log_and_logger:136 - mean_train_loss: 0.03784463182091713
2024-12-12 03:00:16.519 | INFO     | __main__:log_and_logger:136 - mean_train_loss: 0.034487880766391754
2024-12-12 03:00:48.448 | INFO     | __main__:log_and_logger:136 - mean_train_loss: 0.03672431781888008
2024-12-12 03:01:20.267 | INFO     | __main__:log_and_logger:136 - mean_train_loss: 0.038457322865724564
2024-12-12 03:01:52.641 | INFO     | __main__:log_and_logger:136 - mean_train_loss: 0.03608908876776695
2024-12-12 03:02:37.517 | INFO     | __main__:log_and_logger:136 - val_mean_dice: 0.9256163636843363
2024-12-12 03:02:39.537 | INFO     | __main__:log_and_logger:136 - mean_train_loss: 0.03511158376932144
2024-12-12 03:03:11.308 | INFO     | __main__:log_and_logger:136 - mean_train_loss: 0.034991830587387085
2024-12-12 03:03:43.486 | INFO     | __main__:log_and_logger:136 - mean_train_loss: 0.035348862409591675
2024-12-12 03:04:16.025 | INFO     | __main__:log_and_logger:136 - mean_train_loss: 0.03883007541298866
2024-12-12 03:04:48.342 | INFO     | __main__:log_and_logger:136 - mean_train_loss: 0.03922475129365921
2024-12-12 03:05:33.850 | INFO     | __main__:log_and_logger:136 - val_mean_dice: 0.9259667709469795
2024-12-12 03:05:35.978 | INFO     | __main__:log_and_logger:136 - mean_train_loss: 0.034683708101511
2024-12-12 03:06:07.787 | INFO     | __main__:log_and_logger:136 - mean_train_loss: 0.0352264828979969
2024-12-12 03:06:39.730 | INFO     | __main__:log_and_logger:136 - mean_train_loss: 0.035846903920173645
2024-12-12 03:07:11.477 | INFO     | __main__:log_and_logger:136 - mean_train_loss: 0.03506205603480339
2024-12-12 03:07:43.553 | INFO     | __main__:log_and_logger:136 - mean_train_loss: 0.03295762464404106
2024-12-12 03:08:28.852 | INFO     | __main__:log_and_logger:136 - val_mean_dice: 0.9243566503127415
2024-12-12 03:08:30.861 | INFO     | __main__:log_and_logger:136 - mean_train_loss: 0.03414776921272278
2024-12-12 03:09:02.740 | INFO     | __main__:log_and_logger:136 - mean_train_loss: 0.03825533017516136
2024-12-12 03:09:34.540 | INFO     | __main__:log_and_logger:136 - mean_train_loss: 0.033895548433065414
2024-12-12 03:10:06.881 | INFO     | __main__:log_and_logger:136 - mean_train_loss: 0.03308774158358574
2024-12-12 03:10:39.464 | INFO     | __main__:log_and_logger:136 - mean_train_loss: 0.03650132566690445
2024-12-12 03:11:25.575 | INFO     | __main__:log_and_logger:136 - val_mean_dice: 0.9239735757311185
2024-12-12 03:11:27.883 | INFO     | __main__:log_and_logger:136 - mean_train_loss: 0.036734312772750854
2024-12-12 03:12:00.162 | INFO     | __main__:log_and_logger:136 - mean_train_loss: 0.036327850073575974
2024-12-12 03:12:32.045 | INFO     | __main__:log_and_logger:136 - mean_train_loss: 0.03905677795410156
2024-12-12 03:13:04.236 | INFO     | __main__:log_and_logger:136 - mean_train_loss: 0.03522277623414993
2024-12-12 03:13:36.430 | INFO     | __main__:log_and_logger:136 - mean_train_loss: 0.03129934147000313
2024-12-12 03:14:22.473 | INFO     | __main__:log_and_logger:136 - val_mean_dice: 0.9238873715202014
2024-12-12 03:14:24.605 | INFO     | __main__:log_and_logger:136 - mean_train_loss: 0.035773131996393204
2024-12-12 03:14:56.280 | INFO     | __main__:log_and_logger:136 - mean_train_loss: 0.03435177356004715
2024-12-12 03:15:28.323 | INFO     | __main__:log_and_logger:136 - mean_train_loss: 0.03285261243581772
2024-12-12 03:16:00.632 | INFO     | __main__:log_and_logger:136 - mean_train_loss: 0.03537949174642563
2024-12-12 03:16:32.963 | INFO     | __main__:log_and_logger:136 - mean_train_loss: 0.03449011594057083
2024-12-12 03:17:19.254 | INFO     | __main__:log_and_logger:136 - val_mean_dice: 0.9255158861478169
2024-12-12 03:17:21.380 | INFO     | __main__:log_and_logger:136 - mean_train_loss: 0.03482668474316597
2024-12-12 03:17:53.605 | INFO     | __main__:log_and_logger:136 - mean_train_loss: 0.03375845029950142
2024-12-12 03:18:25.323 | INFO     | __main__:log_and_logger:136 - mean_train_loss: 0.034192316234111786
2024-12-12 03:18:57.138 | INFO     | __main__:log_and_logger:136 - mean_train_loss: 0.036845121532678604
2024-12-12 03:19:29.234 | INFO     | __main__:log_and_logger:136 - mean_train_loss: 0.035855572670698166
2024-12-12 03:20:15.630 | INFO     | __main__:log_and_logger:136 - val_mean_dice: 0.9262867480516435
2024-12-12 03:20:17.946 | INFO     | __main__:log_and_logger:136 - mean_train_loss: 0.03213745728135109
2024-12-12 03:20:49.721 | INFO     | __main__:log_and_logger:136 - mean_train_loss: 0.035971131175756454
2024-12-12 03:21:21.913 | INFO     | __main__:log_and_logger:136 - mean_train_loss: 0.03374909982085228
2024-12-12 03:21:53.896 | INFO     | __main__:log_and_logger:136 - mean_train_loss: 0.03251967206597328
2024-12-12 03:22:25.950 | INFO     | __main__:log_and_logger:136 - mean_train_loss: 0.03431341052055359
2024-12-12 03:23:11.093 | INFO     | __main__:log_and_logger:136 - val_mean_dice: 0.9248569324612618
2024-12-12 03:23:13.134 | INFO     | __main__:log_and_logger:136 - mean_train_loss: 0.03276735544204712
2024-12-12 03:23:44.495 | INFO     | __main__:log_and_logger:136 - mean_train_loss: 0.037615660578012466
2024-12-12 03:24:16.342 | INFO     | __main__:log_and_logger:136 - mean_train_loss: 0.036715444177389145
2024-12-12 03:24:48.181 | INFO     | __main__:log_and_logger:136 - mean_train_loss: 0.035292353481054306
2024-12-12 03:25:20.106 | INFO     | __main__:log_and_logger:136 - mean_train_loss: 0.035624779760837555
2024-12-12 03:26:05.796 | INFO     | __main__:log_and_logger:136 - val_mean_dice: 0.9255955929557483
2024-12-12 03:26:07.794 | INFO     | __main__:log_and_logger:136 - mean_train_loss: 0.034863103181123734
2024-12-12 03:26:39.907 | INFO     | __main__:log_and_logger:136 - mean_train_loss: 0.036542072892189026
2024-12-12 03:27:11.997 | INFO     | __main__:log_and_logger:136 - mean_train_loss: 0.03677045926451683
2024-12-12 03:27:44.017 | INFO     | __main__:log_and_logger:136 - mean_train_loss: 0.03161449730396271
2024-12-12 03:28:16.374 | INFO     | __main__:log_and_logger:136 - mean_train_loss: 0.036210089921951294
2024-12-12 03:29:01.285 | INFO     | __main__:log_and_logger:136 - val_mean_dice: 0.9251024062434832
2024-12-12 03:29:03.317 | INFO     | __main__:log_and_logger:136 - mean_train_loss: 0.034929968416690826
2024-12-12 03:29:35.230 | INFO     | __main__:log_and_logger:136 - mean_train_loss: 0.03542372211813927
2024-12-12 03:30:07.550 | INFO     | __main__:log_and_logger:136 - mean_train_loss: 0.03229798376560211
2024-12-12 03:30:39.417 | INFO     | __main__:log_and_logger:136 - mean_train_loss: 0.03574257716536522
2024-12-12 03:31:11.260 | INFO     | __main__:log_and_logger:136 - mean_train_loss: 0.03268732130527496
2024-12-12 03:31:56.841 | INFO     | __main__:log_and_logger:136 - val_mean_dice: 0.9252259949843088
2024-12-12 03:31:59.105 | INFO     | __main__:log_and_logger:136 - mean_train_loss: 0.035904839634895325
2024-12-12 03:32:30.889 | INFO     | __main__:log_and_logger:136 - mean_train_loss: 0.03145653009414673
2024-12-12 03:33:02.625 | INFO     | __main__:log_and_logger:136 - mean_train_loss: 0.03289788216352463
2024-12-12 03:33:34.792 | INFO     | __main__:log_and_logger:136 - mean_train_loss: 0.03817962482571602
2024-12-12 03:34:06.882 | INFO     | __main__:log_and_logger:136 - mean_train_loss: 0.03801644593477249
2024-12-12 03:34:52.582 | INFO     | __main__:log_and_logger:136 - val_mean_dice: 0.9258843958377838
2024-12-12 03:34:54.954 | INFO     | __main__:log_and_logger:136 - mean_train_loss: 0.035145554691553116
2024-12-12 03:35:27.207 | INFO     | __main__:log_and_logger:136 - mean_train_loss: 0.03474326431751251
2024-12-12 03:35:59.088 | INFO     | __main__:log_and_logger:136 - mean_train_loss: 0.033091865479946136
2024-12-12 03:36:31.189 | INFO     | __main__:log_and_logger:136 - mean_train_loss: 0.03213575482368469
2024-12-12 03:37:02.965 | INFO     | __main__:log_and_logger:136 - mean_train_loss: 0.0347575843334198
2024-12-12 03:37:48.285 | INFO     | __main__:log_and_logger:136 - val_mean_dice: 0.925397817293803
2024-12-12 03:37:50.553 | INFO     | __main__:log_and_logger:136 - mean_train_loss: 0.03391104191541672
2024-12-12 03:38:22.476 | INFO     | __main__:log_and_logger:136 - mean_train_loss: 0.03202643245458603
2024-12-12 03:38:54.177 | INFO     | __main__:log_and_logger:136 - mean_train_loss: 0.03433002158999443
2024-12-12 03:39:26.485 | INFO     | __main__:log_and_logger:136 - mean_train_loss: 0.03457862138748169
2024-12-12 03:39:58.782 | INFO     | __main__:log_and_logger:136 - mean_train_loss: 0.034928176552057266
2024-12-12 03:40:44.131 | INFO     | __main__:log_and_logger:136 - val_mean_dice: 0.925190070271492
2024-12-12 03:40:46.482 | INFO     | __main__:log_and_logger:136 - mean_train_loss: 0.037290748208761215
2024-12-12 03:41:18.393 | INFO     | __main__:log_and_logger:136 - mean_train_loss: 0.03177633509039879
2024-12-12 03:41:50.136 | INFO     | __main__:log_and_logger:136 - mean_train_loss: 0.03596506267786026
2024-12-12 03:42:21.847 | INFO     | __main__:log_and_logger:136 - mean_train_loss: 0.0322532057762146
2024-12-12 03:42:53.631 | INFO     | __main__:log_and_logger:136 - mean_train_loss: 0.03283577039837837
2024-12-12 03:43:38.475 | INFO     | __main__:log_and_logger:136 - val_mean_dice: 0.925775247812271
2024-12-12 03:43:40.550 | INFO     | __main__:log_and_logger:136 - mean_train_loss: 0.03573835268616676
2024-12-12 03:44:12.767 | INFO     | __main__:log_and_logger:136 - mean_train_loss: 0.0353890061378479
2024-12-12 03:44:44.540 | INFO     | __main__:log_and_logger:136 - mean_train_loss: 0.036302387714385986
2024-12-12 03:45:16.610 | INFO     | __main__:log_and_logger:136 - mean_train_loss: 0.03709658607840538
2024-12-12 03:45:48.466 | INFO     | __main__:log_and_logger:136 - mean_train_loss: 0.034663230180740356
2024-12-12 03:46:33.008 | INFO     | __main__:log_and_logger:136 - val_mean_dice: 0.9259935165445009
2024-12-12 03:46:35.059 | INFO     | __main__:log_and_logger:136 - mean_train_loss: 0.03247565031051636
2024-12-12 03:47:06.978 | INFO     | __main__:log_and_logger:136 - mean_train_loss: 0.033142801374197006
2024-12-12 03:47:39.204 | INFO     | __main__:log_and_logger:136 - mean_train_loss: 0.03485044836997986
2024-12-12 03:48:11.105 | INFO     | __main__:log_and_logger:136 - mean_train_loss: 0.036760762333869934
2024-12-12 03:48:43.094 | INFO     | __main__:log_and_logger:136 - mean_train_loss: 0.03278735280036926
2024-12-12 03:49:28.157 | INFO     | __main__:log_and_logger:136 - val_mean_dice: 0.9262717629472416
2024-12-12 03:49:30.185 | INFO     | __main__:log_and_logger:136 - mean_train_loss: 0.03243431821465492
2024-12-12 03:50:02.162 | INFO     | __main__:log_and_logger:136 - mean_train_loss: 0.03552265837788582
2024-12-12 03:50:34.254 | INFO     | __main__:log_and_logger:136 - mean_train_loss: 0.032278381288051605
2024-12-12 03:51:06.405 | INFO     | __main__:log_and_logger:136 - mean_train_loss: 0.034899819642305374
2024-12-12 03:51:38.344 | INFO     | __main__:log_and_logger:136 - mean_train_loss: 0.033187221735715866
2024-12-12 03:52:23.514 | INFO     | __main__:log_and_logger:136 - val_mean_dice: 0.9259879191716512
2024-12-12 03:52:25.570 | INFO     | __main__:log_and_logger:136 - mean_train_loss: 0.03416367247700691
2024-12-12 03:52:57.802 | INFO     | __main__:log_and_logger:136 - mean_train_loss: 0.03359491005539894
2024-12-12 03:53:29.973 | INFO     | __main__:log_and_logger:136 - mean_train_loss: 0.03293965756893158
2024-12-12 03:54:02.053 | INFO     | __main__:log_and_logger:136 - mean_train_loss: 0.032778721302747726
2024-12-12 03:54:34.067 | INFO     | __main__:log_and_logger:136 - mean_train_loss: 0.030647804960608482
2024-12-12 03:55:19.710 | INFO     | __main__:log_and_logger:136 - val_mean_dice: 0.9262469957272211
2024-12-12 03:55:21.905 | INFO     | __main__:log_and_logger:136 - mean_train_loss: 0.03441410884261131
2024-12-12 03:55:53.900 | INFO     | __main__:log_and_logger:136 - mean_train_loss: 0.03584073856472969
2024-12-12 03:56:25.819 | INFO     | __main__:log_and_logger:136 - mean_train_loss: 0.03361652046442032
2024-12-12 03:56:57.795 | INFO     | __main__:log_and_logger:136 - mean_train_loss: 0.030687183141708374
2024-12-12 03:57:29.884 | INFO     | __main__:log_and_logger:136 - mean_train_loss: 0.03222627565264702
2024-12-12 03:58:14.707 | INFO     | __main__:log_and_logger:136 - val_mean_dice: 0.9253176679213841
2024-12-12 03:58:16.317 | INFO     | __main__:log_and_logger:136 - mean_train_loss: 0.03591259568929672
2024-12-12 03:58:48.567 | INFO     | __main__:log_and_logger:136 - mean_train_loss: 0.02904883585870266
2024-12-12 03:59:20.740 | INFO     | __main__:log_and_logger:136 - mean_train_loss: 0.035009223967790604
2024-12-12 03:59:53.205 | INFO     | __main__:log_and_logger:136 - mean_train_loss: 0.03052205592393875
2024-12-12 04:00:25.501 | INFO     | __main__:log_and_logger:136 - mean_train_loss: 0.035048190504312515
2024-12-12 04:01:10.551 | INFO     | __main__:log_and_logger:136 - val_mean_dice: 0.9258169079820315
2024-12-12 04:01:12.661 | INFO     | __main__:log_and_logger:136 - mean_train_loss: 0.02963775210082531
2024-12-12 04:01:44.324 | INFO     | __main__:log_and_logger:136 - mean_train_loss: 0.03400057926774025
2024-12-12 04:02:15.991 | INFO     | __main__:log_and_logger:136 - mean_train_loss: 0.031799521297216415
2024-12-12 04:02:48.240 | INFO     | __main__:log_and_logger:136 - mean_train_loss: 0.03138945624232292
2024-12-12 04:03:20.649 | INFO     | __main__:log_and_logger:136 - mean_train_loss: 0.03905356675386429
2024-12-12 04:04:05.325 | INFO     | __main__:log_and_logger:136 - val_mean_dice: 0.926015810171763
2024-12-12 04:04:07.345 | INFO     | __main__:log_and_logger:136 - mean_train_loss: 0.0341532826423645
2024-12-12 04:04:39.340 | INFO     | __main__:log_and_logger:136 - mean_train_loss: 0.03220032528042793
2024-12-12 04:05:11.663 | INFO     | __main__:log_and_logger:136 - mean_train_loss: 0.03614455834031105
2024-12-12 04:05:43.553 | INFO     | __main__:log_and_logger:136 - mean_train_loss: 0.03093145787715912
2024-12-12 04:06:15.771 | INFO     | __main__:log_and_logger:136 - mean_train_loss: 0.03155061602592468
2024-12-12 04:07:00.537 | INFO     | __main__:log_and_logger:136 - val_mean_dice: 0.9260790442426999
2024-12-12 04:07:02.532 | INFO     | __main__:log_and_logger:136 - mean_train_loss: 0.03435436263680458
2024-12-12 04:07:34.490 | INFO     | __main__:log_and_logger:136 - mean_train_loss: 0.03056381270289421
2024-12-12 04:08:06.441 | INFO     | __main__:log_and_logger:136 - mean_train_loss: 0.03128889948129654
2024-12-12 04:08:38.033 | INFO     | __main__:log_and_logger:136 - mean_train_loss: 0.036391593515872955
2024-12-12 04:09:10.287 | INFO     | __main__:log_and_logger:136 - mean_train_loss: 0.035142093896865845
2024-12-12 04:09:55.479 | INFO     | __main__:log_and_logger:136 - val_mean_dice: 0.9261215234796206
2024-12-12 04:09:57.508 | INFO     | __main__:log_and_logger:136 - mean_train_loss: 0.034073133021593094
2024-12-12 04:10:29.238 | INFO     | __main__:log_and_logger:136 - mean_train_loss: 0.035592108964920044
2024-12-12 04:11:00.999 | INFO     | __main__:log_and_logger:136 - mean_train_loss: 0.03236227110028267
2024-12-12 04:11:33.022 | INFO     | __main__:log_and_logger:136 - mean_train_loss: 0.03292439505457878
2024-12-12 04:12:04.937 | INFO     | __main__:log_and_logger:136 - mean_train_loss: 0.031226102262735367
2024-12-12 04:12:50.094 | INFO     | __main__:log_and_logger:136 - val_mean_dice: 0.9262500534454982
2024-12-12 04:12:51.799 | INFO     | __main__:log_and_logger:136 - mean_train_loss: 0.030710821971297264
2024-12-12 04:13:24.012 | INFO     | __main__:log_and_logger:136 - mean_train_loss: 0.03343195095658302
2024-12-12 04:13:55.726 | INFO     | __main__:log_and_logger:136 - mean_train_loss: 0.03488890826702118
2024-12-12 04:14:27.623 | INFO     | __main__:log_and_logger:136 - mean_train_loss: 0.030529331415891647
2024-12-12 04:14:59.662 | INFO     | __main__:log_and_logger:136 - mean_train_loss: 0.03339528664946556
2024-12-12 04:15:44.200 | INFO     | __main__:log_and_logger:136 - val_mean_dice: 0.9259609296917916
2024-12-12 04:15:46.371 | INFO     | __main__:log_and_logger:136 - mean_train_loss: 0.0350332148373127
2024-12-12 04:16:18.076 | INFO     | __main__:log_and_logger:136 - mean_train_loss: 0.02891087718307972
2024-12-12 04:16:50.055 | INFO     | __main__:log_and_logger:136 - mean_train_loss: 0.033667027950286865
2024-12-12 04:17:21.840 | INFO     | __main__:log_and_logger:136 - mean_train_loss: 0.03309037536382675
2024-12-12 04:17:53.831 | INFO     | __main__:log_and_logger:136 - mean_train_loss: 0.03385258466005325
2024-12-12 04:18:38.723 | INFO     | __main__:log_and_logger:136 - val_mean_dice: 0.9260756115118663
2024-12-12 04:18:40.785 | INFO     | __main__:log_and_logger:136 - mean_train_loss: 0.034290801733732224
2024-12-12 04:19:12.765 | INFO     | __main__:log_and_logger:136 - mean_train_loss: 0.03160367161035538
2024-12-12 04:19:44.884 | INFO     | __main__:log_and_logger:136 - mean_train_loss: 0.032911449670791626
2024-12-12 04:20:16.353 | INFO     | __main__:log_and_logger:136 - mean_train_loss: 0.029033252969384193
2024-12-12 04:20:48.381 | INFO     | __main__:log_and_logger:136 - mean_train_loss: 0.032918449491262436
2024-12-12 04:21:33.126 | INFO     | __main__:log_and_logger:136 - val_mean_dice: 0.926175648967425
2024-12-12 04:21:35.145 | INFO     | __main__:log_and_logger:136 - mean_train_loss: 0.03437422960996628
2024-12-12 04:22:07.069 | INFO     | __main__:log_and_logger:136 - mean_train_loss: 0.032560884952545166
2024-12-12 04:22:38.937 | INFO     | __main__:log_and_logger:136 - mean_train_loss: 0.03310373052954674
2024-12-12 04:23:11.163 | INFO     | __main__:log_and_logger:136 - mean_train_loss: 0.0318697914481163
2024-12-12 04:23:43.071 | INFO     | __main__:log_and_logger:136 - mean_train_loss: 0.032172415405511856
2024-12-12 04:24:28.680 | INFO     | __main__:log_and_logger:136 - val_mean_dice: 0.926123796403408
2024-12-12 04:24:30.796 | INFO     | __main__:log_and_logger:136 - mean_train_loss: 0.03370612859725952
2024-12-12 04:25:02.538 | INFO     | __main__:log_and_logger:136 - mean_train_loss: 0.03533158823847771
2024-12-12 04:25:34.576 | INFO     | __main__:log_and_logger:136 - mean_train_loss: 0.03297675400972366
2024-12-12 04:26:06.540 | INFO     | __main__:log_and_logger:136 - mean_train_loss: 0.03250998258590698
2024-12-12 04:26:39.132 | INFO     | __main__:log_and_logger:136 - mean_train_loss: 0.03457852825522423
2024-12-12 04:27:24.259 | INFO     | __main__:log_and_logger:136 - val_mean_dice: 0.9260902558763822
2024-12-12 04:27:26.325 | INFO     | __main__:log_and_logger:136 - mean_train_loss: 0.036183327436447144
2024-12-12 04:27:58.676 | INFO     | __main__:log_and_logger:136 - mean_train_loss: 0.030874429270625114
2024-12-12 04:28:30.885 | INFO     | __main__:log_and_logger:136 - mean_train_loss: 0.034553103148937225
2024-12-12 04:29:02.978 | INFO     | __main__:log_and_logger:136 - mean_train_loss: 0.032402217388153076
2024-12-12 04:29:35.091 | INFO     | __main__:log_and_logger:136 - mean_train_loss: 0.034114524722099304
2024-12-12 04:30:20.770 | INFO     | __main__:log_and_logger:136 - val_mean_dice: 0.9260529379049937
2024-12-12 04:30:23.096 | INFO     | __main__:log_and_logger:136 - mean_train_loss: 0.033091045916080475
2024-12-12 04:30:55.119 | INFO     | __main__:log_and_logger:136 - mean_train_loss: 0.030571894720196724
2024-12-12 04:31:26.777 | INFO     | __main__:log_and_logger:136 - mean_train_loss: 0.030799662694334984
2024-12-12 04:31:58.778 | INFO     | __main__:log_and_logger:136 - mean_train_loss: 0.035806186497211456
2024-12-12 04:32:30.764 | INFO     | __main__:log_and_logger:136 - mean_train_loss: 0.03682747855782509
2024-12-12 04:33:16.420 | INFO     | __main__:log_and_logger:136 - val_mean_dice: 0.9260831639170647
2024-12-12 04:33:18.548 | INFO     | __main__:log_and_logger:136 - mean_train_loss: 0.03327500447630882
